[{"Plan": {"Node Type": "Aggregate", "Strategy": "Plain", "Partial Mode": "Finalize", "Parallel Aware": false, "Startup Cost": 405497.3, "Total Cost": 405497.31, "Plan Rows": 1, "Plan Width": 8, "Actual Startup Time": 6584.081, "Actual Total Time": 6635.516, "Actual Rows": 1, "Actual Loops": 1, "Shared Hit Blocks": 55434, "Shared Read Blocks": 161513, "Shared Dirtied Blocks": 0, "Shared Written Blocks": 0, "Local Hit Blocks": 0, "Local Read Blocks": 0, "Local Dirtied Blocks": 0, "Local Written Blocks": 0, "Temp Read Blocks": 51620, "Temp Written Blocks": 51840, "Plans": [{"Node Type": "Gather", "Parent Relationship": "Outer", "Parallel Aware": false, "Startup Cost": 405497.09, "Total Cost": 405497.3, "Plan Rows": 2, "Plan Width": 8, "Actual Startup Time": 6582.204, "Actual Total Time": 6635.503, "Actual Rows": 3, "Actual Loops": 1, "Workers Planned": 2, "Workers Launched": 2, "Single Copy": false, "Shared Hit Blocks": 55434, "Shared Read Blocks": 161513, "Shared Dirtied Blocks": 0, "Shared Written Blocks": 0, "Local Hit Blocks": 0, "Local Read Blocks": 0, "Local Dirtied Blocks": 0, "Local Written Blocks": 0, "Temp Read Blocks": 51620, "Temp Written Blocks": 51840, "Plans": [{"Node Type": "Aggregate", "Strategy": "Plain", "Partial Mode": "Partial", "Parent Relationship": "Outer", "Parallel Aware": false, "Startup Cost": 404497.09, "Total Cost": 404497.1, "Plan Rows": 1, "Plan Width": 8, "Actual Startup Time": 6580.524, "Actual Total Time": 6580.6, "Actual Rows": 1, "Actual Loops": 3, "Shared Hit Blocks": 55434, "Shared Read Blocks": 161513, "Shared Dirtied Blocks": 0, "Shared Written Blocks": 0, "Local Hit Blocks": 0, "Local Read Blocks": 0, "Local Dirtied Blocks": 0, "Local Written Blocks": 0, "Temp Read Blocks": 51620, "Temp Written Blocks": 51840, "Workers": [], "Plans": [{"Node Type": "Hash Join", "Parent Relationship": "Outer", "Parallel Aware": true, "Join Type": "Inner", "Startup Cost": 99474.54, "Total Cost": 401254.31, "Plan Rows": 1297112, "Plan Width": 0, "Actual Startup Time": 4658.202, "Actual Total Time": 6292.309, "Actual Rows": 2111245, "Actual Loops": 3, "Inner Unique": false, "Hash Cond": "(mi.movie_id = t.id)", "Shared Hit Blocks": 55434, "Shared Read Blocks": 161513, "Shared Dirtied Blocks": 0, "Shared Written Blocks": 0, "Local Hit Blocks": 0, "Local Read Blocks": 0, "Local Dirtied Blocks": 0, "Local Written Blocks": 0, "Temp Read Blocks": 51620, "Temp Written Blocks": 51840, "Workers": [], "Plans": [{"Node Type": "Seq Scan", "Parent Relationship": "Outer", "Parallel Aware": true, "Relation Name": "movie_info", "Alias": "mi", "Startup Cost": 0.0, "Total Cost": 223914.55, "Plan Rows": 6192155, "Plan Width": 4, "Actual Startup Time": 0.112, "Actual Total Time": 1632.041, "Actual Rows": 4945240, "Actual Loops": 3, "Shared Hit Blocks": 480, "Shared Read Blocks": 161513, "Shared Dirtied Blocks": 0, "Shared Written Blocks": 0, "Local Hit Blocks": 0, "Local Read Blocks": 0, "Local Dirtied Blocks": 0, "Local Written Blocks": 0, "Temp Read Blocks": 0, "Temp Written Blocks": 0, "Workers": []}, {"Node Type": "Hash", "Parent Relationship": "Inner", "Parallel Aware": true, "Startup Cost": 95854.21, "Total Cost": 95854.21, "Plan Rows": 220666, "Plan Width": 8, "Actual Startup Time": 1146.124, "Actual Total Time": 1146.198, "Actual Rows": 150185, "Actual Loops": 3, "Hash Buckets": 131072, "Original Hash Buckets": 131072, "Hash Batches": 8, "Original Hash Batches": 8, "Peak Memory Usage": 3264, "Shared Hit Blocks": 54788, "Shared Read Blocks": 0, "Shared Dirtied Blocks": 0, "Shared Written Blocks": 0, "Local Hit Blocks": 0, "Local Read Blocks": 0, "Local Dirtied Blocks": 0, "Local Written Blocks": 0, "Temp Read Blocks": 6744, "Temp Written Blocks": 8296, "Workers": [], "Plans": [{"Node Type": "Hash Join", "Parent Relationship": "Outer", "Parallel Aware": true, "Join Type": "Inner", "Startup Cost": 56057.36, "Total Cost": 95854.21, "Plan Rows": 220666, "Plan Width": 8, "Actual Startup Time": 842.818, "Actual Total Time": 1076.851, "Actual Rows": 150185, "Actual Loops": 3, "Inner Unique": true, "Hash Cond": "(mc.movie_id = t.id)", "Shared Hit Blocks": 54788, "Shared Read Blocks": 0, "Shared Dirtied Blocks": 0, "Shared Written Blocks": 0, "Local Hit Blocks": 0, "Local Read Blocks": 0, "Local Dirtied Blocks": 0, "Local Written Blocks": 0, "Temp Read Blocks": 6744, "Temp Written Blocks": 6908, "Workers": [], "Plans": [{"Node Type": "Seq Scan", "Parent Relationship": "Outer", "Parallel Aware": true, "Relation Name": "movie_companies", "Alias": "mc", "Startup Cost": 0.0, "Total Cost": 32379.21, "Plan Rows": 553389, "Plan Width": 4, "Actual Startup Time": 96.517, "Actual Total Time": 248.393, "Actual Rows": 444961, "Actual Loops": 3, "Filter": "(company_type_id = 2)", "Rows Removed by Filter": 424749, "Shared Hit Blocks": 18790, "Shared Read Blocks": 0, "Shared Dirtied Blocks": 0, "Shared Written Blocks": 0, "Local Hit Blocks": 0, "Local Read Blocks": 0, "Local Dirtied Blocks": 0, "Local Written Blocks": 0, "Temp Read Blocks": 0, "Temp Written Blocks": 0, "Workers": []}, {"Node Type": "Hash", "Parent Relationship": "Inner", "Parallel Aware": true, "Startup Cost": 49165.69, "Total Cost": 49165.69, "Plan Rows": 420053, "Plan Width": 4, "Actual Startup Time": 434.278, "Actual Total Time": 434.279, "Actual Rows": 337640, "Actual Loops": 3, "Hash Buckets": 131072, "Original Hash Buckets": 131072, "Hash Batches": 16, "Original Hash Batches": 16, "Peak Memory Usage": 3552, "Shared Hit Blocks": 35998, "Shared Read Blocks": 0, "Shared Dirtied Blocks": 0, "Shared Written Blocks": 0, "Local Hit Blocks": 0, "Local Read Blocks": 0, "Local Dirtied Blocks": 0, "Local Written Blocks": 0, "Temp Read Blocks": 0, "Temp Written Blocks": 2880, "Workers": [], "Plans": [{"Node Type": "Seq Scan", "Parent Relationship": "Outer", "Parallel Aware": true, "Relation Name": "title", "Alias": "t", "Startup Cost": 0.0, "Total Cost": 49165.69, "Plan Rows": 420053, "Plan Width": 4, "Actual Startup Time": 0.014, "Actual Total Time": 291.25, "Actual Rows": 337640, "Actual Loops": 3, "Filter": "(production_year > 2005)", "Rows Removed by Filter": 505131, "Shared Hit Blocks": 35998, "Shared Read Blocks": 0, "Shared Dirtied Blocks": 0, "Shared Written Blocks": 0, "Local Hit Blocks": 0, "Local Read Blocks": 0, "Local Dirtied Blocks": 0, "Local Written Blocks": 0, "Temp Read Blocks": 0, "Temp Written Blocks": 0, "Workers": []}]}]}]}]}]}]}]}, "Planning": {"Shared Hit Blocks": 24, "Shared Read Blocks": 0, "Shared Dirtied Blocks": 0, "Shared Written Blocks": 0, "Local Hit Blocks": 0, "Local Read Blocks": 0, "Local Dirtied Blocks": 0, "Local Written Blocks": 0, "Temp Read Blocks": 0, "Temp Written Blocks": 0}, "Planning Time": 0.44, "Triggers": [], "Execution Time": 6635.596}]