[{"Plan": {"Node Type": "Aggregate", "Strategy": "Plain", "Partial Mode": "Finalize", "Parallel Aware": false, "Startup Cost": 621297.74, "Total Cost": 621297.75, "Plan Rows": 1, "Plan Width": 8, "Actual Startup Time": 11933.199, "Actual Total Time": 12013.478, "Actual Rows": 1, "Actual Loops": 1, "Shared Hit Blocks": 36644, "Shared Read Blocks": 252207, "Shared Dirtied Blocks": 0, "Shared Written Blocks": 0, "Local Hit Blocks": 0, "Local Read Blocks": 0, "Local Dirtied Blocks": 0, "Local Written Blocks": 0, "Temp Read Blocks": 106935, "Temp Written Blocks": 106972, "Plans": [{"Node Type": "Gather", "Parent Relationship": "Outer", "Parallel Aware": false, "Startup Cost": 621297.53, "Total Cost": 621297.74, "Plan Rows": 2, "Plan Width": 8, "Actual Startup Time": 11931.692, "Actual Total Time": 12013.464, "Actual Rows": 3, "Actual Loops": 1, "Workers Planned": 2, "Workers Launched": 2, "Single Copy": false, "Shared Hit Blocks": 36644, "Shared Read Blocks": 252207, "Shared Dirtied Blocks": 0, "Shared Written Blocks": 0, "Local Hit Blocks": 0, "Local Read Blocks": 0, "Local Dirtied Blocks": 0, "Local Written Blocks": 0, "Temp Read Blocks": 106935, "Temp Written Blocks": 106972, "Plans": [{"Node Type": "Aggregate", "Strategy": "Plain", "Partial Mode": "Partial", "Parent Relationship": "Outer", "Parallel Aware": false, "Startup Cost": 620297.53, "Total Cost": 620297.54, "Plan Rows": 1, "Plan Width": 8, "Actual Startup Time": 11926.987, "Actual Total Time": 11927.183, "Actual Rows": 1, "Actual Loops": 3, "Shared Hit Blocks": 36644, "Shared Read Blocks": 252207, "Shared Dirtied Blocks": 0, "Shared Written Blocks": 0, "Local Hit Blocks": 0, "Local Read Blocks": 0, "Local Dirtied Blocks": 0, "Local Written Blocks": 0, "Temp Read Blocks": 106935, "Temp Written Blocks": 106972, "Workers": [], "Plans": [{"Node Type": "Hash Join", "Parent Relationship": "Outer", "Parallel Aware": true, "Join Type": "Inner", "Startup Cost": 53766.33, "Total Cost": 615996.17, "Plan Rows": 1720543, "Plan Width": 0, "Actual Startup Time": 8657.084, "Actual Total Time": 11714.246, "Actual Rows": 1511127, "Actual Loops": 3, "Inner Unique": true, "Hash Cond": "(ci.movie_id = t.id)", "Shared Hit Blocks": 36644, "Shared Read Blocks": 252207, "Shared Dirtied Blocks": 0, "Shared Written Blocks": 0, "Local Hit Blocks": 0, "Local Read Blocks": 0, "Local Dirtied Blocks": 0, "Local Written Blocks": 0, "Temp Read Blocks": 106935, "Temp Written Blocks": 106972, "Workers": [], "Plans": [{"Node Type": "Seq Scan", "Parent Relationship": "Outer", "Parallel Aware": true, "Relation Name": "cast_info", "Alias": "ci", "Startup Cost": 0.0, "Total Cost": 403915.33, "Plan Rows": 15122833, "Plan Width": 4, "Actual Startup Time": 0.079, "Actual Total Time": 3785.199, "Actual Rows": 12081448, "Actual Loops": 3, "Shared Hit Blocks": 480, "Shared Read Blocks": 252207, "Shared Dirtied Blocks": 0, "Shared Written Blocks": 0, "Local Hit Blocks": 0, "Local Read Blocks": 0, "Local Dirtied Blocks": 0, "Local Written Blocks": 0, "Temp Read Blocks": 0, "Temp Written Blocks": 0, "Workers": []}, {"Node Type": "Hash", "Parent Relationship": "Inner", "Parallel Aware": true, "Startup Cost": 51799.23, "Total Cost": 51799.23, "Plan Rows": 119848, "Plan Width": 4, "Actual Startup Time": 307.712, "Actual Total Time": 307.714, "Actual Rows": 96323, "Actual Loops": 3, "Hash Buckets": 131072, "Original Hash Buckets": 131072, "Hash Batches": 4, "Original Hash Batches": 4, "Peak Memory Usage": 3904, "Shared Hit Blocks": 35998, "Shared Read Blocks": 0, "Shared Dirtied Blocks": 0, "Shared Written Blocks": 0, "Local Hit Blocks": 0, "Local Read Blocks": 0, "Local Dirtied Blocks": 0, "Local Written Blocks": 0, "Temp Read Blocks": 0, "Temp Written Blocks": 660, "Workers": [], "Plans": [{"Node Type": "Seq Scan", "Parent Relationship": "Outer", "Parallel Aware": true, "Relation Name": "title", "Alias": "t", "Startup Cost": 0.0, "Total Cost": 51799.23, "Plan Rows": 119848, "Plan Width": 4, "Actual Startup Time": 0.02, "Actual Total Time": 251.506, "Actual Rows": 96323, "Actual Loops": 3, "Filter": "((production_year > 1980) AND (production_year < 1995))", "Rows Removed by Filter": 746447, "Shared Hit Blocks": 35998, "Shared Read Blocks": 0, "Shared Dirtied Blocks": 0, "Shared Written Blocks": 0, "Local Hit Blocks": 0, "Local Read Blocks": 0, "Local Dirtied Blocks": 0, "Local Written Blocks": 0, "Temp Read Blocks": 0, "Temp Written Blocks": 0, "Workers": []}]}]}]}]}]}, "Planning": {"Shared Hit Blocks": 8, "Shared Read Blocks": 0, "Shared Dirtied Blocks": 0, "Shared Written Blocks": 0, "Local Hit Blocks": 0, "Local Read Blocks": 0, "Local Dirtied Blocks": 0, "Local Written Blocks": 0, "Temp Read Blocks": 0, "Temp Written Blocks": 0}, "Planning Time": 0.424, "Triggers": [], "Execution Time": 12013.593}]