[{"Plan": {"Node Type": "Aggregate", "Strategy": "Plain", "Partial Mode": "Finalize", "Parallel Aware": false, "Startup Cost": 647321.29, "Total Cost": 647321.3, "Plan Rows": 1, "Plan Width": 8, "Actual Startup Time": 14542.67, "Actual Total Time": 14654.202, "Actual Rows": 1, "Actual Loops": 1, "Shared Hit Blocks": 36836, "Shared Read Blocks": 252015, "Shared Dirtied Blocks": 0, "Shared Written Blocks": 0, "Local Hit Blocks": 0, "Local Read Blocks": 0, "Local Dirtied Blocks": 0, "Local Written Blocks": 0, "Temp Read Blocks": 110356, "Temp Written Blocks": 110576, "Plans": [{"Node Type": "Gather", "Parent Relationship": "Outer", "Parallel Aware": false, "Startup Cost": 647321.07, "Total Cost": 647321.28, "Plan Rows": 2, "Plan Width": 8, "Actual Startup Time": 14541.052, "Actual Total Time": 14654.191, "Actual Rows": 3, "Actual Loops": 1, "Workers Planned": 2, "Workers Launched": 2, "Single Copy": false, "Shared Hit Blocks": 36836, "Shared Read Blocks": 252015, "Shared Dirtied Blocks": 0, "Shared Written Blocks": 0, "Local Hit Blocks": 0, "Local Read Blocks": 0, "Local Dirtied Blocks": 0, "Local Written Blocks": 0, "Temp Read Blocks": 110356, "Temp Written Blocks": 110576, "Plans": [{"Node Type": "Aggregate", "Strategy": "Plain", "Partial Mode": "Partial", "Parent Relationship": "Outer", "Parallel Aware": false, "Startup Cost": 646321.07, "Total Cost": 646321.08, "Plan Rows": 1, "Plan Width": 8, "Actual Startup Time": 14538.245, "Actual Total Time": 14538.251, "Actual Rows": 1, "Actual Loops": 3, "Shared Hit Blocks": 36836, "Shared Read Blocks": 252015, "Shared Dirtied Blocks": 0, "Shared Written Blocks": 0, "Local Hit Blocks": 0, "Local Read Blocks": 0, "Local Dirtied Blocks": 0, "Local Written Blocks": 0, "Temp Read Blocks": 110356, "Temp Written Blocks": 110576, "Workers": [], "Plans": [{"Node Type": "Hash Join", "Parent Relationship": "Outer", "Parallel Aware": true, "Join Type": "Inner", "Startup Cost": 61362.61, "Total Cost": 625400.44, "Plan Rows": 8368251, "Plan Width": 0, "Actual Startup Time": 8483.197, "Actual Total Time": 13500.665, "Actual Rows": 7151388, "Actual Loops": 3, "Inner Unique": true, "Hash Cond": "(ci.movie_id = t.id)", "Shared Hit Blocks": 36836, "Shared Read Blocks": 252015, "Shared Dirtied Blocks": 0, "Shared Written Blocks": 0, "Local Hit Blocks": 0, "Local Read Blocks": 0, "Local Dirtied Blocks": 0, "Local Written Blocks": 0, "Temp Read Blocks": 110356, "Temp Written Blocks": 110576, "Workers": [], "Plans": [{"Node Type": "Seq Scan", "Parent Relationship": "Outer", "Parallel Aware": true, "Relation Name": "cast_info", "Alias": "ci", "Startup Cost": 0.0, "Total Cost": 403915.33, "Plan Rows": 15122833, "Plan Width": 4, "Actual Startup Time": 0.077, "Actual Total Time": 3666.205, "Actual Rows": 12081448, "Actual Loops": 3, "Shared Hit Blocks": 672, "Shared Read Blocks": 252015, "Shared Dirtied Blocks": 0, "Shared Written Blocks": 0, "Local Hit Blocks": 0, "Local Read Blocks": 0, "Local Dirtied Blocks": 0, "Local Written Blocks": 0, "Temp Read Blocks": 0, "Temp Written Blocks": 0, "Workers": []}, {"Node Type": "Hash", "Parent Relationship": "Inner", "Parallel Aware": true, "Startup Cost": 51799.23, "Total Cost": 51799.23, "Plan Rows": 582910, "Plan Width": 4, "Actual Startup Time": 494.165, "Actual Total Time": 494.166, "Actual Rows": 466372, "Actual Loops": 3, "Hash Buckets": 131072, "Original Hash Buckets": 131072, "Hash Batches": 32, "Original Hash Batches": 32, "Peak Memory Usage": 2784, "Shared Hit Blocks": 35998, "Shared Read Blocks": 0, "Shared Dirtied Blocks": 0, "Shared Written Blocks": 0, "Local Hit Blocks": 0, "Local Read Blocks": 0, "Local Dirtied Blocks": 0, "Local Written Blocks": 0, "Temp Read Blocks": 0, "Temp Written Blocks": 4092, "Workers": [], "Plans": [{"Node Type": "Seq Scan", "Parent Relationship": "Outer", "Parallel Aware": true, "Relation Name": "title", "Alias": "t", "Startup Cost": 0.0, "Total Cost": 51799.23, "Plan Rows": 582910, "Plan Width": 4, "Actual Startup Time": 0.014, "Actual Total Time": 311.973, "Actual Rows": 466372, "Actual Loops": 3, "Filter": "((production_year > 1980) AND (production_year < 2010))", "Rows Removed by Filter": 376399, "Shared Hit Blocks": 35998, "Shared Read Blocks": 0, "Shared Dirtied Blocks": 0, "Shared Written Blocks": 0, "Local Hit Blocks": 0, "Local Read Blocks": 0, "Local Dirtied Blocks": 0, "Local Written Blocks": 0, "Temp Read Blocks": 0, "Temp Written Blocks": 0, "Workers": []}]}]}]}]}]}, "Planning": {"Shared Hit Blocks": 8, "Shared Read Blocks": 0, "Shared Dirtied Blocks": 0, "Shared Written Blocks": 0, "Local Hit Blocks": 0, "Local Read Blocks": 0, "Local Dirtied Blocks": 0, "Local Written Blocks": 0, "Temp Read Blocks": 0, "Temp Written Blocks": 0}, "Planning Time": 0.255, "Triggers": [], "Execution Time": 14654.287}]