[{"Plan": {"Node Type": "Aggregate", "Strategy": "Plain", "Partial Mode": "Finalize", "Parallel Aware": false, "Startup Cost": 557477.03, "Total Cost": 557477.04, "Plan Rows": 1, "Plan Width": 8, "Actual Startup Time": 5057.081, "Actual Total Time": 5094.6, "Actual Rows": 1, "Actual Loops": 1, "Shared Hit Blocks": 55914, "Shared Read Blocks": 251727, "Shared Dirtied Blocks": 0, "Shared Written Blocks": 0, "Local Hit Blocks": 0, "Local Read Blocks": 0, "Local Dirtied Blocks": 0, "Local Written Blocks": 0, "Temp Read Blocks": 16719, "Temp Written Blocks": 17452, "Plans": [{"Node Type": "Gather", "Parent Relationship": "Outer", "Parallel Aware": false, "Startup Cost": 557476.82, "Total Cost": 557477.03, "Plan Rows": 2, "Plan Width": 8, "Actual Startup Time": 5055.463, "Actual Total Time": 5094.586, "Actual Rows": 3, "Actual Loops": 1, "Workers Planned": 2, "Workers Launched": 2, "Single Copy": false, "Shared Hit Blocks": 55914, "Shared Read Blocks": 251727, "Shared Dirtied Blocks": 0, "Shared Written Blocks": 0, "Local Hit Blocks": 0, "Local Read Blocks": 0, "Local Dirtied Blocks": 0, "Local Written Blocks": 0, "Temp Read Blocks": 16719, "Temp Written Blocks": 17452, "Plans": [{"Node Type": "Aggregate", "Strategy": "Plain", "Partial Mode": "Partial", "Parent Relationship": "Outer", "Parallel Aware": false, "Startup Cost": 556476.82, "Total Cost": 556476.83, "Plan Rows": 1, "Plan Width": 8, "Actual Startup Time": 5053.33, "Actual Total Time": 5053.638, "Actual Rows": 1, "Actual Loops": 3, "Shared Hit Blocks": 55914, "Shared Read Blocks": 251727, "Shared Dirtied Blocks": 0, "Shared Written Blocks": 0, "Local Hit Blocks": 0, "Local Read Blocks": 0, "Local Dirtied Blocks": 0, "Local Written Blocks": 0, "Temp Read Blocks": 16719, "Temp Written Blocks": 17452, "Workers": [], "Plans": [{"Node Type": "Hash Join", "Parent Relationship": "Outer", "Parallel Aware": true, "Join Type": "Inner", "Startup Cost": 512928.37, "Total Cost": 556162.08, "Plan Rows": 125896, "Plan Width": 0, "Actual Startup Time": 4701.573, "Actual Total Time": 5011.718, "Actual Rows": 264864, "Actual Loops": 3, "Inner Unique": false, "Hash Cond": "(mc.movie_id = t.id)", "Shared Hit Blocks": 55914, "Shared Read Blocks": 251727, "Shared Dirtied Blocks": 0, "Shared Written Blocks": 0, "Local Hit Blocks": 0, "Local Read Blocks": 0, "Local Dirtied Blocks": 0, "Local Written Blocks": 0, "Temp Read Blocks": 16719, "Temp Written Blocks": 17452, "Workers": [], "Plans": [{"Node Type": "Seq Scan", "Parent Relationship": "Outer", "Parallel Aware": true, "Relation Name": "movie_companies", "Alias": "mc", "Startup Cost": 0.0, "Total Cost": 29661.37, "Plan Rows": 1087137, "Plan Width": 4, "Actual Startup Time": 0.022, "Actual Total Time": 250.081, "Actual Rows": 869710, "Actual Loops": 3, "Shared Hit Blocks": 18790, "Shared Read Blocks": 0, "Shared Dirtied Blocks": 0, "Shared Written Blocks": 0, "Local Hit Blocks": 0, "Local Read Blocks": 0, "Local Dirtied Blocks": 0, "Local Written Blocks": 0, "Temp Read Blocks": 0, "Temp Written Blocks": 0, "Workers": []}, {"Node Type": "Hash", "Parent Relationship": "Inner", "Parallel Aware": true, "Startup Cost": 510926.48, "Total Cost": 510926.48, "Plan Rows": 121991, "Plan Width": 8, "Actual Startup Time": 4141.801, "Actual Total Time": 4142.106, "Actual Rows": 92134, "Actual Loops": 3, "Hash Buckets": 131072, "Original Hash Buckets": 131072, "Hash Batches": 4, "Original Hash Batches": 4, "Peak Memory Usage": 3776, "Shared Hit Blocks": 36958, "Shared Read Blocks": 251727, "Shared Dirtied Blocks": 0, "Shared Written Blocks": 0, "Local Hit Blocks": 0, "Local Read Blocks": 0, "Local Dirtied Blocks": 0, "Local Written Blocks": 0, "Temp Read Blocks": 8346, "Temp Written Blocks": 9780, "Workers": [], "Plans": [{"Node Type": "Hash Join", "Parent Relationship": "Outer", "Parallel Aware": true, "Join Type": "Inner", "Startup Cost": 63814.84, "Total Cost": 510926.48, "Plan Rows": 121991, "Plan Width": 8, "Actual Startup Time": 3854.278, "Actual Total Time": 4099.553, "Actual Rows": 92134, "Actual Loops": 3, "Inner Unique": true, "Hash Cond": "(ci.movie_id = t.id)", "Shared Hit Blocks": 36958, "Shared Read Blocks": 251727, "Shared Dirtied Blocks": 0, "Shared Written Blocks": 0, "Local Hit Blocks": 0, "Local Read Blocks": 0, "Local Dirtied Blocks": 0, "Local Written Blocks": 0, "Temp Read Blocks": 8346, "Temp Written Blocks": 9056, "Workers": [], "Plans": [{"Node Type": "Seq Scan", "Parent Relationship": "Outer", "Parallel Aware": true, "Relation Name": "cast_info", "Alias": "ci", "Startup Cost": 0.0, "Total Cost": 441722.42, "Plan Rows": 121991, "Plan Width": 4, "Actual Startup Time": 2477.593, "Actual Total Time": 3231.218, "Actual Rows": 92134, "Actual Loops": 3, "Filter": "(role_id = 7)", "Rows Removed by Filter": 11989314, "Shared Hit Blocks": 960, "Shared Read Blocks": 251727, "Shared Dirtied Blocks": 0, "Shared Written Blocks": 0, "Local Hit Blocks": 0, "Local Read Blocks": 0, "Local Dirtied Blocks": 0, "Local Written Blocks": 0, "Temp Read Blocks": 0, "Temp Written Blocks": 0, "Workers": []}, {"Node Type": "Hash", "Parent Relationship": "Inner", "Parallel Aware": true, "Startup Cost": 46532.15, "Total Cost": 46532.15, "Plan Rows": 1053415, "Plan Width": 4, "Actual Startup Time": 560.79, "Actual Total Time": 560.791, "Actual Rows": 842771, "Actual Loops": 3, "Hash Buckets": 131072, "Original Hash Buckets": 131072, "Hash Batches": 64, "Original Hash Batches": 64, "Peak Memory Usage": 2624, "Shared Hit Blocks": 35998, "Shared Read Blocks": 0, "Shared Dirtied Blocks": 0, "Shared Written Blocks": 0, "Local Hit Blocks": 0, "Local Read Blocks": 0, "Local Dirtied Blocks": 0, "Local Written Blocks": 0, "Temp Read Blocks": 0, "Temp Written Blocks": 7560, "Workers": [], "Plans": [{"Node Type": "Seq Scan", "Parent Relationship": "Outer", "Parallel Aware": true, "Relation Name": "title", "Alias": "t", "Startup Cost": 0.0, "Total Cost": 46532.15, "Plan Rows": 1053415, "Plan Width": 4, "Actual Startup Time": 0.013, "Actual Total Time": 248.1, "Actual Rows": 842771, "Actual Loops": 3, "Shared Hit Blocks": 35998, "Shared Read Blocks": 0, "Shared Dirtied Blocks": 0, "Shared Written Blocks": 0, "Local Hit Blocks": 0, "Local Read Blocks": 0, "Local Dirtied Blocks": 0, "Local Written Blocks": 0, "Temp Read Blocks": 0, "Temp Written Blocks": 0, "Workers": []}]}]}]}]}]}]}]}, "Planning": {"Shared Hit Blocks": 24, "Shared Read Blocks": 0, "Shared Dirtied Blocks": 0, "Shared Written Blocks": 0, "Local Hit Blocks": 0, "Local Read Blocks": 0, "Local Dirtied Blocks": 0, "Local Written Blocks": 0, "Temp Read Blocks": 0, "Temp Written Blocks": 0}, "Planning Time": 0.616, "Triggers": [], "Execution Time": 5094.71}]