[{"Plan": {"Node Type": "Aggregate", "Strategy": "Plain", "Partial Mode": "Finalize", "Parallel Aware": false, "Startup Cost": 346168.07, "Total Cost": 346168.08, "Plan Rows": 1, "Plan Width": 8, "Actual Startup Time": 2388.639, "Actual Total Time": 2395.283, "Actual Rows": 1, "Actual Loops": 1, "Shared Hit Blocks": 63657, "Shared Read Blocks": 161225, "Shared Dirtied Blocks": 0, "Shared Written Blocks": 0, "Local Hit Blocks": 0, "Local Read Blocks": 0, "Local Dirtied Blocks": 0, "Local Written Blocks": 0, "Temp Read Blocks": 0, "Temp Written Blocks": 0, "Plans": [{"Node Type": "Gather", "Parent Relationship": "Outer", "Parallel Aware": false, "Startup Cost": 346167.86, "Total Cost": 346168.07, "Plan Rows": 2, "Plan Width": 8, "Actual Startup Time": 2387.931, "Actual Total Time": 2395.271, "Actual Rows": 3, "Actual Loops": 1, "Workers Planned": 2, "Workers Launched": 2, "Single Copy": false, "Shared Hit Blocks": 63657, "Shared Read Blocks": 161225, "Shared Dirtied Blocks": 0, "Shared Written Blocks": 0, "Local Hit Blocks": 0, "Local Read Blocks": 0, "Local Dirtied Blocks": 0, "Local Written Blocks": 0, "Temp Read Blocks": 0, "Temp Written Blocks": 0, "Plans": [{"Node Type": "Aggregate", "Strategy": "Plain", "Partial Mode": "Partial", "Parent Relationship": "Outer", "Parallel Aware": false, "Startup Cost": 345167.86, "Total Cost": 345167.87, "Plan Rows": 1, "Plan Width": 8, "Actual Startup Time": 2385.093, "Actual Total Time": 2385.1, "Actual Rows": 1, "Actual Loops": 3, "Shared Hit Blocks": 63657, "Shared Read Blocks": 161225, "Shared Dirtied Blocks": 0, "Shared Written Blocks": 0, "Local Hit Blocks": 0, "Local Read Blocks": 0, "Local Dirtied Blocks": 0, "Local Written Blocks": 0, "Temp Read Blocks": 0, "Temp Written Blocks": 0, "Workers": [], "Plans": [{"Node Type": "Hash Join", "Parent Relationship": "Outer", "Parallel Aware": true, "Join Type": "Inner", "Startup Cost": 103373.98, "Total Cost": 345154.7, "Plan Rows": 5262, "Plan Width": 0, "Actual Startup Time": 2068.367, "Actual Total Time": 2380.773, "Actual Rows": 25147, "Actual Loops": 3, "Inner Unique": false, "Hash Cond": "(mi.movie_id = t.id)", "Shared Hit Blocks": 63657, "Shared Read Blocks": 161225, "Shared Dirtied Blocks": 0, "Shared Written Blocks": 0, "Local Hit Blocks": 0, "Local Read Blocks": 0, "Local Dirtied Blocks": 0, "Local Written Blocks": 0, "Temp Read Blocks": 0, "Temp Written Blocks": 0, "Workers": [], "Plans": [{"Node Type": "Seq Scan", "Parent Relationship": "Outer", "Parallel Aware": true, "Relation Name": "movie_info", "Alias": "mi", "Startup Cost": 0.0, "Total Cost": 239394.94, "Plan Rows": 630361, "Plan Width": 4, "Actual Startup Time": 1141.637, "Actual Total Time": 1311.54, "Actual Rows": 511303, "Actual Loops": 3, "Filter": "(info_type_id = 3)", "Rows Removed by Filter": 4433937, "Shared Hit Blocks": 768, "Shared Read Blocks": 161225, "Shared Dirtied Blocks": 0, "Shared Written Blocks": 0, "Local Hit Blocks": 0, "Local Read Blocks": 0, "Local Dirtied Blocks": 0, "Local Written Blocks": 0, "Temp Read Blocks": 0, "Temp Written Blocks": 0, "Workers": []}, {"Node Type": "Hash", "Parent Relationship": "Inner", "Parallel Aware": true, "Startup Cost": 103264.04, "Total Cost": 103264.04, "Plan Rows": 8795, "Plan Width": 12, "Actual Startup Time": 926.268, "Actual Total Time": 926.274, "Actual Rows": 17648, "Actual Loops": 3, "Hash Buckets": 65536, "Original Hash Buckets": 32768, "Hash Batches": 1, "Original Hash Batches": 1, "Peak Memory Usage": 3296, "Shared Hit Blocks": 62723, "Shared Read Blocks": 0, "Shared Dirtied Blocks": 0, "Shared Written Blocks": 0, "Local Hit Blocks": 0, "Local Read Blocks": 0, "Local Dirtied Blocks": 0, "Local Written Blocks": 0, "Temp Read Blocks": 0, "Temp Written Blocks": 0, "Workers": [], "Plans": [{"Node Type": "Hash Join", "Parent Relationship": "Outer", "Parallel Aware": true, "Join Type": "Inner", "Startup Cost": 87386.38, "Total Cost": 103264.04, "Plan Rows": 8795, "Plan Width": 12, "Actual Startup Time": 706.336, "Actual Total Time": 911.598, "Actual Rows": 17648, "Actual Loops": 3, "Inner Unique": false, "Hash Cond": "(mi_idx.movie_id = t.id)", "Shared Hit Blocks": 62723, "Shared Read Blocks": 0, "Shared Dirtied Blocks": 0, "Shared Written Blocks": 0, "Local Hit Blocks": 0, "Local Read Blocks": 0, "Local Dirtied Blocks": 0, "Local Written Blocks": 0, "Temp Read Blocks": 0, "Temp Written Blocks": 0, "Workers": [], "Plans": [{"Node Type": "Seq Scan", "Parent Relationship": "Outer", "Parallel Aware": true, "Relation Name": "movie_info_idx", "Alias": "mi_idx", "Startup Cost": 0.0, "Total Cost": 15122.68, "Plan Rows": 191557, "Plan Width": 4, "Actual Startup Time": 0.018, "Actual Total Time": 141.076, "Actual Rows": 153308, "Actual Loops": 3, "Filter": "(info_type_id = 101)", "Rows Removed by Filter": 306703, "Shared Hit Blocks": 7935, "Shared Read Blocks": 0, "Shared Dirtied Blocks": 0, "Shared Written Blocks": 0, "Local Hit Blocks": 0, "Local Read Blocks": 0, "Local Dirtied Blocks": 0, "Local Written Blocks": 0, "Temp Read Blocks": 0, "Temp Written Blocks": 0, "Workers": []}, {"Node Type": "Hash", "Parent Relationship": "Inner", "Parallel Aware": true, "Startup Cost": 86781.85, "Total Cost": 86781.85, "Plan Rows": 48362, "Plan Width": 8, "Actual Startup Time": 705.753, "Actual Total Time": 705.756, "Actual Rows": 32585, "Actual Loops": 3, "Hash Buckets": 131072, "Original Hash Buckets": 131072, "Hash Batches": 1, "Original Hash Batches": 1, "Peak Memory Usage": 4896, "Shared Hit Blocks": 54788, "Shared Read Blocks": 0, "Shared Dirtied Blocks": 0, "Shared Written Blocks": 0, "Local Hit Blocks": 0, "Local Read Blocks": 0, "Local Dirtied Blocks": 0, "Local Written Blocks": 0, "Temp Read Blocks": 0, "Temp Written Blocks": 0, "Workers": [], "Plans": [{"Node Type": "Hash Join", "Parent Relationship": "Outer", "Parallel Aware": true, "Join Type": "Inner", "Startup Cost": 52949.99, "Total Cost": 86781.85, "Plan Rows": 48362, "Plan Width": 8, "Actual Startup Time": 394.911, "Actual Total Time": 686.279, "Actual Rows": 32585, "Actual Loops": 3, "Inner Unique": true, "Hash Cond": "(mc.movie_id = t.id)", "Shared Hit Blocks": 54788, "Shared Read Blocks": 0, "Shared Dirtied Blocks": 0, "Shared Written Blocks": 0, "Local Hit Blocks": 0, "Local Read Blocks": 0, "Local Dirtied Blocks": 0, "Local Written Blocks": 0, "Temp Read Blocks": 0, "Temp Written Blocks": 0, "Workers": [], "Plans": [{"Node Type": "Seq Scan", "Parent Relationship": "Outer", "Parallel Aware": true, "Relation Name": "movie_companies", "Alias": "mc", "Startup Cost": 0.0, "Total Cost": 32379.21, "Plan Rows": 553389, "Plan Width": 4, "Actual Startup Time": 95.812, "Actual Total Time": 226.582, "Actual Rows": 444961, "Actual Loops": 3, "Filter": "(company_type_id = 2)", "Rows Removed by Filter": 424749, "Shared Hit Blocks": 18790, "Shared Read Blocks": 0, "Shared Dirtied Blocks": 0, "Shared Written Blocks": 0, "Local Hit Blocks": 0, "Local Read Blocks": 0, "Local Dirtied Blocks": 0, "Local Written Blocks": 0, "Temp Read Blocks": 0, "Temp Written Blocks": 0, "Workers": []}, {"Node Type": "Hash", "Parent Relationship": "Inner", "Parallel Aware": true, "Startup Cost": 51799.23, "Total Cost": 51799.23, "Plan Rows": 92061, "Plan Width": 4, "Actual Startup Time": 298.158, "Actual Total Time": 298.159, "Actual Rows": 75998, "Actual Loops": 3, "Hash Buckets": 262144, "Original Hash Buckets": 262144, "Hash Batches": 1, "Original Hash Batches": 1, "Peak Memory Usage": 11008, "Shared Hit Blocks": 35998, "Shared Read Blocks": 0, "Shared Dirtied Blocks": 0, "Shared Written Blocks": 0, "Local Hit Blocks": 0, "Local Read Blocks": 0, "Local Dirtied Blocks": 0, "Local Written Blocks": 0, "Temp Read Blocks": 0, "Temp Written Blocks": 0, "Workers": [], "Plans": [{"Node Type": "Seq Scan", "Parent Relationship": "Outer", "Parallel Aware": true, "Relation Name": "title", "Alias": "t", "Startup Cost": 0.0, "Total Cost": 51799.23, "Plan Rows": 92061, "Plan Width": 4, "Actual Startup Time": 0.021, "Actual Total Time": 255.017, "Actual Rows": 75998, "Actual Loops": 3, "Filter": "((production_year > 2005) AND (production_year < 2008))", "Rows Removed by Filter": 766773, "Shared Hit Blocks": 35998, "Shared Read Blocks": 0, "Shared Dirtied Blocks": 0, "Shared Written Blocks": 0, "Local Hit Blocks": 0, "Local Read Blocks": 0, "Local Dirtied Blocks": 0, "Local Written Blocks": 0, "Temp Read Blocks": 0, "Temp Written Blocks": 0, "Workers": []}]}]}]}]}]}]}]}]}]}, "Planning": {"Shared Hit Blocks": 43, "Shared Read Blocks": 0, "Shared Dirtied Blocks": 0, "Shared Written Blocks": 0, "Local Hit Blocks": 0, "Local Read Blocks": 0, "Local Dirtied Blocks": 0, "Local Written Blocks": 0, "Temp Read Blocks": 0, "Temp Written Blocks": 0}, "Planning Time": 0.916, "Triggers": [], "Execution Time": 2395.38}]