[{"Plan": {"Node Type": "Aggregate", "Strategy": "Plain", "Partial Mode": "Finalize", "Parallel Aware": false, "Startup Cost": 365840.81, "Total Cost": 365840.82, "Plan Rows": 1, "Plan Width": 8, "Actual Startup Time": 3773.595, "Actual Total Time": 3800.386, "Actual Rows": 1, "Actual Loops": 1, "Shared Hit Blocks": 69801, "Shared Read Blocks": 160745, "Shared Dirtied Blocks": 0, "Shared Written Blocks": 0, "Local Hit Blocks": 0, "Local Read Blocks": 0, "Local Dirtied Blocks": 0, "Local Written Blocks": 0, "Temp Read Blocks": 21671, "Temp Written Blocks": 21792, "Plans": [{"Node Type": "Gather", "Parent Relationship": "Outer", "Parallel Aware": false, "Startup Cost": 365840.6, "Total Cost": 365840.81, "Plan Rows": 2, "Plan Width": 8, "Actual Startup Time": 3771.591, "Actual Total Time": 3800.374, "Actual Rows": 3, "Actual Loops": 1, "Workers Planned": 2, "Workers Launched": 2, "Single Copy": false, "Shared Hit Blocks": 69801, "Shared Read Blocks": 160745, "Shared Dirtied Blocks": 0, "Shared Written Blocks": 0, "Local Hit Blocks": 0, "Local Read Blocks": 0, "Local Dirtied Blocks": 0, "Local Written Blocks": 0, "Temp Read Blocks": 21671, "Temp Written Blocks": 21792, "Plans": [{"Node Type": "Aggregate", "Strategy": "Plain", "Partial Mode": "Partial", "Parent Relationship": "Outer", "Parallel Aware": false, "Startup Cost": 364840.6, "Total Cost": 364840.61, "Plan Rows": 1, "Plan Width": 8, "Actual Startup Time": 3769.225, "Actual Total Time": 3769.232, "Actual Rows": 1, "Actual Loops": 3, "Shared Hit Blocks": 69801, "Shared Read Blocks": 160745, "Shared Dirtied Blocks": 0, "Shared Written Blocks": 0, "Local Hit Blocks": 0, "Local Read Blocks": 0, "Local Dirtied Blocks": 0, "Local Written Blocks": 0, "Temp Read Blocks": 21671, "Temp Written Blocks": 21792, "Workers": [], "Plans": [{"Node Type": "Hash Join", "Parent Relationship": "Outer", "Parallel Aware": true, "Join Type": "Inner", "Startup Cost": 314147.24, "Total Cost": 364720.22, "Plan Rows": 48150, "Plan Width": 0, "Actual Startup Time": 2965.959, "Actual Total Time": 3613.243, "Actual Rows": 1081082, "Actual Loops": 3, "Inner Unique": false, "Hash Cond": "(mk.movie_id = t.id)", "Shared Hit Blocks": 69801, "Shared Read Blocks": 160745, "Shared Dirtied Blocks": 0, "Shared Written Blocks": 0, "Local Hit Blocks": 0, "Local Read Blocks": 0, "Local Dirtied Blocks": 0, "Local Written Blocks": 0, "Temp Read Blocks": 21671, "Temp Written Blocks": 21792, "Workers": [], "Plans": [{"Node Type": "Seq Scan", "Parent Relationship": "Outer", "Parallel Aware": true, "Relation Name": "movie_keyword", "Alias": "mk", "Startup Cost": 0.0, "Total Cost": 43303.71, "Plan Rows": 1884971, "Plan Width": 4, "Actual Startup Time": 0.013, "Actual Total Time": 239.063, "Actual Rows": 1507977, "Actual Loops": 3, "Shared Hit Blocks": 24454, "Shared Read Blocks": 0, "Shared Dirtied Blocks": 0, "Shared Written Blocks": 0, "Local Hit Blocks": 0, "Local Read Blocks": 0, "Local Dirtied Blocks": 0, "Local Written Blocks": 0, "Temp Read Blocks": 0, "Temp Written Blocks": 0, "Workers": []}, {"Node Type": "Hash", "Parent Relationship": "Inner", "Parallel Aware": true, "Startup Cost": 313810.88, "Total Cost": 313810.88, "Plan Rows": 26909, "Plan Width": 12, "Actual Startup Time": 2129.285, "Actual Total Time": 2129.29, "Actual Rows": 79649, "Actual Loops": 3, "Hash Buckets": 65536, "Original Hash Buckets": 65536, "Hash Batches": 8, "Original Hash Batches": 1, "Peak Memory Usage": 1952, "Shared Hit Blocks": 45181, "Shared Read Blocks": 160745, "Shared Dirtied Blocks": 0, "Shared Written Blocks": 0, "Local Hit Blocks": 0, "Local Read Blocks": 0, "Local Dirtied Blocks": 0, "Local Written Blocks": 0, "Temp Read Blocks": 3143, "Temp Written Blocks": 4052, "Workers": [], "Plans": [{"Node Type": "Hash Join", "Parent Relationship": "Outer", "Parallel Aware": true, "Join Type": "Inner", "Startup Cost": 72158.24, "Total Cost": 313810.88, "Plan Rows": 26909, "Plan Width": 12, "Actual Startup Time": 1678.098, "Actual Total Time": 2065.599, "Actual Rows": 79649, "Actual Loops": 3, "Inner Unique": false, "Hash Cond": "(mi.movie_id = t.id)", "Shared Hit Blocks": 45181, "Shared Read Blocks": 160745, "Shared Dirtied Blocks": 0, "Shared Written Blocks": 0, "Local Hit Blocks": 0, "Local Read Blocks": 0, "Local Dirtied Blocks": 0, "Local Written Blocks": 0, "Temp Read Blocks": 3143, "Temp Written Blocks": 3184, "Workers": [], "Plans": [{"Node Type": "Seq Scan", "Parent Relationship": "Outer", "Parallel Aware": true, "Relation Name": "movie_info", "Alias": "mi", "Startup Cost": 0.0, "Total Cost": 239394.94, "Plan Rows": 572155, "Plan Width": 4, "Actual Startup Time": 933.607, "Actual Total Time": 1198.948, "Actual Rows": 441787, "Actual Loops": 3, "Filter": "(info_type_id = 8)", "Rows Removed by Filter": 4503453, "Shared Hit Blocks": 1248, "Shared Read Blocks": 160745, "Shared Dirtied Blocks": 0, "Shared Written Blocks": 0, "Local Hit Blocks": 0, "Local Read Blocks": 0, "Local Dirtied Blocks": 0, "Local Written Blocks": 0, "Temp Read Blocks": 0, "Temp Written Blocks": 0, "Workers": []}, {"Node Type": "Hash", "Parent Relationship": "Inner", "Parallel Aware": true, "Startup Cost": 71538.95, "Total Cost": 71538.95, "Plan Rows": 49543, "Plan Width": 8, "Actual Startup Time": 654.223, "Actual Total Time": 654.226, "Actual Rows": 69960, "Actual Loops": 3, "Hash Buckets": 262144, "Original Hash Buckets": 131072, "Hash Batches": 1, "Original Hash Batches": 1, "Peak Memory Usage": 11328, "Shared Hit Blocks": 43933, "Shared Read Blocks": 0, "Shared Dirtied Blocks": 0, "Shared Written Blocks": 0, "Local Hit Blocks": 0, "Local Read Blocks": 0, "Local Dirtied Blocks": 0, "Local Written Blocks": 0, "Temp Read Blocks": 3143, "Temp Written Blocks": 3184, "Workers": [], "Plans": [{"Node Type": "Hash Join", "Parent Relationship": "Outer", "Parallel Aware": true, "Join Type": "Inner", "Startup Cost": 18266.14, "Total Cost": 71538.95, "Plan Rows": 49543, "Plan Width": 8, "Actual Startup Time": 504.633, "Actual Total Time": 612.364, "Actual Rows": 69960, "Actual Loops": 3, "Inner Unique": false, "Hash Cond": "(t.id = mi_idx.movie_id)", "Shared Hit Blocks": 43933, "Shared Read Blocks": 0, "Shared Dirtied Blocks": 0, "Shared Written Blocks": 0, "Local Hit Blocks": 0, "Local Read Blocks": 0, "Local Dirtied Blocks": 0, "Local Written Blocks": 0, "Temp Read Blocks": 3143, "Temp Written Blocks": 3184, "Workers": [], "Plans": [{"Node Type": "Seq Scan", "Parent Relationship": "Outer", "Parallel Aware": true, "Relation Name": "title", "Alias": "t", "Startup Cost": 0.0, "Total Cost": 49165.69, "Plan Rows": 272448, "Plan Width": 4, "Actual Startup Time": 76.835, "Actual Total Time": 228.857, "Actual Rows": 220942, "Actual Loops": 3, "Filter": "(kind_id = 1)", "Rows Removed by Filter": 621829, "Shared Hit Blocks": 35998, "Shared Read Blocks": 0, "Shared Dirtied Blocks": 0, "Shared Written Blocks": 0, "Local Hit Blocks": 0, "Local Read Blocks": 0, "Local Dirtied Blocks": 0, "Local Written Blocks": 0, "Temp Read Blocks": 0, "Temp Written Blocks": 0, "Workers": []}, {"Node Type": "Hash", "Parent Relationship": "Inner", "Parallel Aware": true, "Startup Cost": 15122.68, "Total Cost": 15122.68, "Plan Rows": 191557, "Plan Width": 4, "Actual Startup Time": 191.706, "Actual Total Time": 191.707, "Actual Rows": 153308, "Actual Loops": 3, "Hash Buckets": 131072, "Original Hash Buckets": 131072, "Hash Batches": 8, "Original Hash Batches": 8, "Peak Memory Usage": 3328, "Shared Hit Blocks": 7935, "Shared Read Blocks": 0, "Shared Dirtied Blocks": 0, "Shared Written Blocks": 0, "Local Hit Blocks": 0, "Local Read Blocks": 0, "Local Dirtied Blocks": 0, "Local Written Blocks": 0, "Temp Read Blocks": 0, "Temp Written Blocks": 1204, "Workers": [], "Plans": [{"Node Type": "Seq Scan", "Parent Relationship": "Outer", "Parallel Aware": true, "Relation Name": "movie_info_idx", "Alias": "mi_idx", "Startup Cost": 0.0, "Total Cost": 15122.68, "Plan Rows": 191557, "Plan Width": 4, "Actual Startup Time": 0.011, "Actual Total Time": 129.424, "Actual Rows": 153308, "Actual Loops": 3, "Filter": "(info_type_id = 101)", "Rows Removed by Filter": 306703, "Shared Hit Blocks": 7935, "Shared Read Blocks": 0, "Shared Dirtied Blocks": 0, "Shared Written Blocks": 0, "Local Hit Blocks": 0, "Local Read Blocks": 0, "Local Dirtied Blocks": 0, "Local Written Blocks": 0, "Temp Read Blocks": 0, "Temp Written Blocks": 0, "Workers": []}]}]}]}]}]}]}]}]}]}, "Planning": {"Shared Hit Blocks": 40, "Shared Read Blocks": 0, "Shared Dirtied Blocks": 0, "Shared Written Blocks": 0, "Local Hit Blocks": 0, "Local Read Blocks": 0, "Local Dirtied Blocks": 0, "Local Written Blocks": 0, "Temp Read Blocks": 0, "Temp Written Blocks": 0}, "Planning Time": 1.002, "Triggers": [], "Execution Time": 3800.543}]