[{"Plan": {"Node Type": "Aggregate", "Strategy": "Plain", "Partial Mode": "Finalize", "Parallel Aware": false, "Startup Cost": 368410.58, "Total Cost": 368410.59, "Plan Rows": 1, "Plan Width": 8, "Actual Startup Time": 3093.265, "Actual Total Time": 3103.837, "Actual Rows": 1, "Actual Loops": 1, "Shared Hit Blocks": 69897, "Shared Read Blocks": 160649, "Shared Dirtied Blocks": 0, "Shared Written Blocks": 0, "Local Hit Blocks": 0, "Local Read Blocks": 0, "Local Dirtied Blocks": 0, "Local Written Blocks": 0, "Temp Read Blocks": 4173, "Temp Written Blocks": 4256, "Plans": [{"Node Type": "Gather", "Parent Relationship": "Outer", "Parallel Aware": false, "Startup Cost": 368410.36, "Total Cost": 368410.57, "Plan Rows": 2, "Plan Width": 8, "Actual Startup Time": 3092.356, "Actual Total Time": 3103.826, "Actual Rows": 3, "Actual Loops": 1, "Workers Planned": 2, "Workers Launched": 2, "Single Copy": false, "Shared Hit Blocks": 69897, "Shared Read Blocks": 160649, "Shared Dirtied Blocks": 0, "Shared Written Blocks": 0, "Local Hit Blocks": 0, "Local Read Blocks": 0, "Local Dirtied Blocks": 0, "Local Written Blocks": 0, "Temp Read Blocks": 4173, "Temp Written Blocks": 4256, "Plans": [{"Node Type": "Aggregate", "Strategy": "Plain", "Partial Mode": "Partial", "Parent Relationship": "Outer", "Parallel Aware": false, "Startup Cost": 367410.36, "Total Cost": 367410.37, "Plan Rows": 1, "Plan Width": 8, "Actual Startup Time": 3089.397, "Actual Total Time": 3089.405, "Actual Rows": 1, "Actual Loops": 3, "Shared Hit Blocks": 69897, "Shared Read Blocks": 160649, "Shared Dirtied Blocks": 0, "Shared Written Blocks": 0, "Local Hit Blocks": 0, "Local Read Blocks": 0, "Local Dirtied Blocks": 0, "Local Written Blocks": 0, "Temp Read Blocks": 4173, "Temp Written Blocks": 4256, "Workers": [], "Plans": [{"Node Type": "Hash Join", "Parent Relationship": "Outer", "Parallel Aware": true, "Join Type": "Inner", "Startup Cost": 316543.09, "Total Cost": 367224.77, "Plan Rows": 74238, "Plan Width": 0, "Actual Startup Time": 2249.751, "Actual Total Time": 3038.57, "Actual Rows": 347921, "Actual Loops": 3, "Inner Unique": false, "Hash Cond": "(mk.movie_id = t.id)", "Shared Hit Blocks": 69897, "Shared Read Blocks": 160649, "Shared Dirtied Blocks": 0, "Shared Written Blocks": 0, "Local Hit Blocks": 0, "Local Read Blocks": 0, "Local Dirtied Blocks": 0, "Local Written Blocks": 0, "Temp Read Blocks": 4173, "Temp Written Blocks": 4256, "Workers": [], "Plans": [{"Node Type": "Seq Scan", "Parent Relationship": "Outer", "Parallel Aware": true, "Relation Name": "movie_keyword", "Alias": "mk", "Startup Cost": 0.0, "Total Cost": 43303.71, "Plan Rows": 1884971, "Plan Width": 4, "Actual Startup Time": 0.014, "Actual Total Time": 228.005, "Actual Rows": 1507977, "Actual Loops": 3, "Shared Hit Blocks": 24454, "Shared Read Blocks": 0, "Shared Dirtied Blocks": 0, "Shared Written Blocks": 0, "Local Hit Blocks": 0, "Local Read Blocks": 0, "Local Dirtied Blocks": 0, "Local Written Blocks": 0, "Temp Read Blocks": 0, "Temp Written Blocks": 0, "Workers": []}, {"Node Type": "Hash", "Parent Relationship": "Inner", "Parallel Aware": true, "Startup Cost": 316024.49, "Total Cost": 316024.49, "Plan Rows": 41488, "Plan Width": 12, "Actual Startup Time": 2248.856, "Actual Total Time": 2248.863, "Actual Rows": 41843, "Actual Loops": 3, "Hash Buckets": 131072, "Original Hash Buckets": 131072, "Hash Batches": 1, "Original Hash Batches": 1, "Peak Memory Usage": 6976, "Shared Hit Blocks": 45277, "Shared Read Blocks": 160649, "Shared Dirtied Blocks": 0, "Shared Written Blocks": 0, "Local Hit Blocks": 0, "Local Read Blocks": 0, "Local Dirtied Blocks": 0, "Local Written Blocks": 0, "Temp Read Blocks": 4173, "Temp Written Blocks": 4256, "Workers": [], "Plans": [{"Node Type": "Hash Join", "Parent Relationship": "Outer", "Parallel Aware": true, "Join Type": "Inner", "Startup Cost": 74311.11, "Total Cost": 316024.49, "Plan Rows": 41488, "Plan Width": 12, "Actual Startup Time": 1770.886, "Actual Total Time": 2221.022, "Actual Rows": 41843, "Actual Loops": 3, "Inner Unique": false, "Hash Cond": "(mi.movie_id = t.id)", "Shared Hit Blocks": 45277, "Shared Read Blocks": 160649, "Shared Dirtied Blocks": 0, "Shared Written Blocks": 0, "Local Hit Blocks": 0, "Local Read Blocks": 0, "Local Dirtied Blocks": 0, "Local Written Blocks": 0, "Temp Read Blocks": 4173, "Temp Written Blocks": 4256, "Workers": [], "Plans": [{"Node Type": "Seq Scan", "Parent Relationship": "Outer", "Parallel Aware": true, "Relation Name": "movie_info", "Alias": "mi", "Startup Cost": 0.0, "Total Cost": 239394.94, "Plan Rows": 572155, "Plan Width": 4, "Actual Startup Time": 1008.997, "Actual Total Time": 1273.064, "Actual Rows": 441787, "Actual Loops": 3, "Filter": "(info_type_id = 8)", "Rows Removed by Filter": 4503453, "Shared Hit Blocks": 1344, "Shared Read Blocks": 160649, "Shared Dirtied Blocks": 0, "Shared Written Blocks": 0, "Local Hit Blocks": 0, "Local Read Blocks": 0, "Local Dirtied Blocks": 0, "Local Written Blocks": 0, "Temp Read Blocks": 0, "Temp Written Blocks": 0, "Workers": []}, {"Node Type": "Hash", "Parent Relationship": "Inner", "Parallel Aware": true, "Startup Cost": 73356.31, "Total Cost": 73356.31, "Plan Rows": 76384, "Plan Width": 8, "Actual Startup Time": 760.951, "Actual Total Time": 760.955, "Actual Rows": 47856, "Actual Loops": 3, "Hash Buckets": 262144, "Original Hash Buckets": 262144, "Hash Batches": 1, "Original Hash Batches": 1, "Peak Memory Usage": 7712, "Shared Hit Blocks": 43933, "Shared Read Blocks": 0, "Shared Dirtied Blocks": 0, "Shared Written Blocks": 0, "Local Hit Blocks": 0, "Local Read Blocks": 0, "Local Dirtied Blocks": 0, "Local Written Blocks": 0, "Temp Read Blocks": 4173, "Temp Written Blocks": 4256, "Workers": [], "Plans": [{"Node Type": "Hash Join", "Parent Relationship": "Outer", "Parallel Aware": true, "Join Type": "Inner", "Startup Cost": 18266.14, "Total Cost": 73356.31, "Plan Rows": 76384, "Plan Width": 8, "Actual Startup Time": 608.0, "Actual Total Time": 732.852, "Actual Rows": 47856, "Actual Loops": 3, "Inner Unique": false, "Hash Cond": "(t.id = mi_idx.movie_id)", "Shared Hit Blocks": 43933, "Shared Read Blocks": 0, "Shared Dirtied Blocks": 0, "Shared Written Blocks": 0, "Local Hit Blocks": 0, "Local Read Blocks": 0, "Local Dirtied Blocks": 0, "Local Written Blocks": 0, "Temp Read Blocks": 4173, "Temp Written Blocks": 4256, "Workers": [], "Plans": [{"Node Type": "Seq Scan", "Parent Relationship": "Outer", "Parallel Aware": true, "Relation Name": "title", "Alias": "t", "Startup Cost": 0.0, "Total Cost": 49165.69, "Plan Rows": 420053, "Plan Width": 4, "Actual Startup Time": 0.018, "Actual Total Time": 287.161, "Actual Rows": 337640, "Actual Loops": 3, "Filter": "(production_year > 2005)", "Rows Removed by Filter": 505131, "Shared Hit Blocks": 35998, "Shared Read Blocks": 0, "Shared Dirtied Blocks": 0, "Shared Written Blocks": 0, "Local Hit Blocks": 0, "Local Read Blocks": 0, "Local Dirtied Blocks": 0, "Local Written Blocks": 0, "Temp Read Blocks": 0, "Temp Written Blocks": 0, "Workers": []}, {"Node Type": "Hash", "Parent Relationship": "Inner", "Parallel Aware": true, "Startup Cost": 15122.68, "Total Cost": 15122.68, "Plan Rows": 191557, "Plan Width": 4, "Actual Startup Time": 181.99, "Actual Total Time": 181.991, "Actual Rows": 153308, "Actual Loops": 3, "Hash Buckets": 131072, "Original Hash Buckets": 131072, "Hash Batches": 8, "Original Hash Batches": 8, "Peak Memory Usage": 3296, "Shared Hit Blocks": 7935, "Shared Read Blocks": 0, "Shared Dirtied Blocks": 0, "Shared Written Blocks": 0, "Local Hit Blocks": 0, "Local Read Blocks": 0, "Local Dirtied Blocks": 0, "Local Written Blocks": 0, "Temp Read Blocks": 0, "Temp Written Blocks": 1228, "Workers": [], "Plans": [{"Node Type": "Seq Scan", "Parent Relationship": "Outer", "Parallel Aware": true, "Relation Name": "movie_info_idx", "Alias": "mi_idx", "Startup Cost": 0.0, "Total Cost": 15122.68, "Plan Rows": 191557, "Plan Width": 4, "Actual Startup Time": 0.013, "Actual Total Time": 121.553, "Actual Rows": 153308, "Actual Loops": 3, "Filter": "(info_type_id = 101)", "Rows Removed by Filter": 306703, "Shared Hit Blocks": 7935, "Shared Read Blocks": 0, "Shared Dirtied Blocks": 0, "Shared Written Blocks": 0, "Local Hit Blocks": 0, "Local Read Blocks": 0, "Local Dirtied Blocks": 0, "Local Written Blocks": 0, "Temp Read Blocks": 0, "Temp Written Blocks": 0, "Workers": []}]}]}]}]}]}]}]}]}]}, "Planning": {"Shared Hit Blocks": 40, "Shared Read Blocks": 0, "Shared Dirtied Blocks": 0, "Shared Written Blocks": 0, "Local Hit Blocks": 0, "Local Read Blocks": 0, "Local Dirtied Blocks": 0, "Local Written Blocks": 0, "Temp Read Blocks": 0, "Temp Written Blocks": 0}, "Planning Time": 0.883, "Triggers": [], "Execution Time": 3103.921}]