[{"Plan": {"Node Type": "Aggregate", "Strategy": "Plain", "Partial Mode": "Finalize", "Parallel Aware": false, "Startup Cost": 106061.82, "Total Cost": 106061.83, "Plan Rows": 1, "Plan Width": 8, "Actual Startup Time": 882.224, "Actual Total Time": 890.45, "Actual Rows": 1, "Actual Loops": 1, "Shared Hit Blocks": 169550, "Shared Read Blocks": 0, "Shared Dirtied Blocks": 0, "Shared Written Blocks": 0, "Local Hit Blocks": 0, "Local Read Blocks": 0, "Local Dirtied Blocks": 0, "Local Written Blocks": 0, "Temp Read Blocks": 0, "Temp Written Blocks": 0, "Plans": [{"Node Type": "Gather", "Parent Relationship": "Outer", "Parallel Aware": false, "Startup Cost": 106061.61, "Total Cost": 106061.82, "Plan Rows": 2, "Plan Width": 8, "Actual Startup Time": 881.458, "Actual Total Time": 890.431, "Actual Rows": 3, "Actual Loops": 1, "Workers Planned": 2, "Workers Launched": 2, "Single Copy": false, "Shared Hit Blocks": 169550, "Shared Read Blocks": 0, "Shared Dirtied Blocks": 0, "Shared Written Blocks": 0, "Local Hit Blocks": 0, "Local Read Blocks": 0, "Local Dirtied Blocks": 0, "Local Written Blocks": 0, "Temp Read Blocks": 0, "Temp Written Blocks": 0, "Plans": [{"Node Type": "Aggregate", "Strategy": "Plain", "Partial Mode": "Partial", "Parent Relationship": "Outer", "Parallel Aware": false, "Startup Cost": 105061.61, "Total Cost": 105061.62, "Plan Rows": 1, "Plan Width": 8, "Actual Startup Time": 878.569, "Actual Total Time": 878.576, "Actual Rows": 1, "Actual Loops": 3, "Shared Hit Blocks": 169550, "Shared Read Blocks": 0, "Shared Dirtied Blocks": 0, "Shared Written Blocks": 0, "Local Hit Blocks": 0, "Local Read Blocks": 0, "Local Dirtied Blocks": 0, "Local Written Blocks": 0, "Temp Read Blocks": 0, "Temp Written Blocks": 0, "Workers": [], "Plans": [{"Node Type": "Hash Join", "Parent Relationship": "Outer", "Parallel Aware": true, "Join Type": "Inner", "Startup Cost": 71201.14, "Total Cost": 105015.73, "Plan Rows": 18351, "Plan Width": 0, "Actual Startup Time": 458.431, "Actual Total Time": 871.197, "Actual Rows": 49517, "Actual Loops": 3, "Inner Unique": false, "Hash Cond": "(mc.movie_id = t.id)", "Shared Hit Blocks": 169550, "Shared Read Blocks": 0, "Shared Dirtied Blocks": 0, "Shared Written Blocks": 0, "Local Hit Blocks": 0, "Local Read Blocks": 0, "Local Dirtied Blocks": 0, "Local Written Blocks": 0, "Temp Read Blocks": 0, "Temp Written Blocks": 0, "Workers": [], "Plans": [{"Node Type": "Seq Scan", "Parent Relationship": "Outer", "Parallel Aware": true, "Relation Name": "movie_companies", "Alias": "mc", "Startup Cost": 0.0, "Total Cost": 29661.37, "Plan Rows": 1087137, "Plan Width": 4, "Actual Startup Time": 0.015, "Actual Total Time": 127.09, "Actual Rows": 869710, "Actual Loops": 3, "Shared Hit Blocks": 18790, "Shared Read Blocks": 0, "Shared Dirtied Blocks": 0, "Shared Written Blocks": 0, "Local Hit Blocks": 0, "Local Read Blocks": 0, "Local Dirtied Blocks": 0, "Local Written Blocks": 0, "Temp Read Blocks": 0, "Temp Written Blocks": 0, "Workers": []}, {"Node Type": "Hash", "Parent Relationship": "Inner", "Parallel Aware": true, "Startup Cost": 70978.86, "Total Cost": 70978.86, "Plan Rows": 17782, "Plan Width": 8, "Actual Startup Time": 457.815, "Actual Total Time": 457.818, "Actual Rows": 13947, "Actual Loops": 3, "Hash Buckets": 65536, "Original Hash Buckets": 65536, "Hash Batches": 1, "Original Hash Batches": 1, "Peak Memory Usage": 2208, "Shared Hit Blocks": 150694, "Shared Read Blocks": 0, "Shared Dirtied Blocks": 0, "Shared Written Blocks": 0, "Local Hit Blocks": 0, "Local Read Blocks": 0, "Local Dirtied Blocks": 0, "Local Written Blocks": 0, "Temp Read Blocks": 0, "Temp Written Blocks": 0, "Workers": [], "Plans": [{"Node Type": "Nested Loop", "Parent Relationship": "Outer", "Parallel Aware": false, "Join Type": "Inner", "Startup Cost": 0.43, "Total Cost": 70978.86, "Plan Rows": 17782, "Plan Width": 8, "Actual Startup Time": 0.066, "Actual Total Time": 447.066, "Actual Rows": 13947, "Actual Loops": 3, "Inner Unique": true, "Shared Hit Blocks": 150694, "Shared Read Blocks": 0, "Shared Dirtied Blocks": 0, "Shared Written Blocks": 0, "Local Hit Blocks": 0, "Local Read Blocks": 0, "Local Dirtied Blocks": 0, "Local Written Blocks": 0, "Temp Read Blocks": 0, "Temp Written Blocks": 0, "Workers": [], "Plans": [{"Node Type": "Seq Scan", "Parent Relationship": "Outer", "Parallel Aware": true, "Relation Name": "movie_keyword", "Alias": "mk", "Startup Cost": 0.0, "Total Cost": 48016.14, "Plan Rows": 17782, "Plan Width": 4, "Actual Startup Time": 0.04, "Actual Total Time": 346.829, "Actual Rows": 13947, "Actual Loops": 3, "Filter": "(keyword_id = 117)", "Rows Removed by Filter": 1494030, "Shared Hit Blocks": 24454, "Shared Read Blocks": 0, "Shared Dirtied Blocks": 0, "Shared Written Blocks": 0, "Local Hit Blocks": 0, "Local Read Blocks": 0, "Local Dirtied Blocks": 0, "Local Written Blocks": 0, "Temp Read Blocks": 0, "Temp Written Blocks": 0, "Workers": []}, {"Node Type": "Index Only Scan", "Parent Relationship": "Inner", "Parallel Aware": false, "Scan Direction": "Forward", "Index Name": "title_pkey", "Relation Name": "title", "Alias": "t", "Startup Cost": 0.43, "Total Cost": 1.29, "Plan Rows": 1, "Plan Width": 4, "Actual Startup Time": 0.006, "Actual Total Time": 0.006, "Actual Rows": 1, "Actual Loops": 41840, "Index Cond": "(id = mk.movie_id)", "Rows Removed by Index Recheck": 0, "Heap Fetches": 0, "Shared Hit Blocks": 126240, "Shared Read Blocks": 0, "Shared Dirtied Blocks": 0, "Shared Written Blocks": 0, "Local Hit Blocks": 0, "Local Read Blocks": 0, "Local Dirtied Blocks": 0, "Local Written Blocks": 0, "Temp Read Blocks": 0, "Temp Written Blocks": 0, "Workers": []}]}]}]}]}]}]}, "Planning": {"Shared Hit Blocks": 46, "Shared Read Blocks": 0, "Shared Dirtied Blocks": 0, "Shared Written Blocks": 0, "Local Hit Blocks": 0, "Local Read Blocks": 0, "Local Dirtied Blocks": 0, "Local Written Blocks": 0, "Temp Read Blocks": 0, "Temp Written Blocks": 0}, "Planning Time": 0.653, "Triggers": [], "Execution Time": 890.569}]