[{"Plan": {"Node Type": "Aggregate", "Strategy": "Plain", "Partial Mode": "Finalize", "Parallel Aware": false, "Startup Cost": 750183.35, "Total Cost": 750183.36, "Plan Rows": 1, "Plan Width": 8, "Actual Startup Time": 7772.83, "Actual Total Time": 7779.634, "Actual Rows": 1, "Actual Loops": 1, "Shared Hit Blocks": 164160, "Shared Read Blocks": 412024, "Shared Dirtied Blocks": 0, "Shared Written Blocks": 0, "Local Hit Blocks": 0, "Local Read Blocks": 0, "Local Dirtied Blocks": 0, "Local Written Blocks": 0, "Temp Read Blocks": 1555, "Temp Written Blocks": 1616, "Plans": [{"Node Type": "Gather", "Parent Relationship": "Outer", "Parallel Aware": false, "Startup Cost": 750183.14, "Total Cost": 750183.35, "Plan Rows": 2, "Plan Width": 8, "Actual Startup Time": 7771.714, "Actual Total Time": 7779.617, "Actual Rows": 3, "Actual Loops": 1, "Workers Planned": 2, "Workers Launched": 2, "Single Copy": false, "Shared Hit Blocks": 164160, "Shared Read Blocks": 412024, "Shared Dirtied Blocks": 0, "Shared Written Blocks": 0, "Local Hit Blocks": 0, "Local Read Blocks": 0, "Local Dirtied Blocks": 0, "Local Written Blocks": 0, "Temp Read Blocks": 1555, "Temp Written Blocks": 1616, "Plans": [{"Node Type": "Aggregate", "Strategy": "Plain", "Partial Mode": "Partial", "Parent Relationship": "Outer", "Parallel Aware": false, "Startup Cost": 749183.14, "Total Cost": 749183.15, "Plan Rows": 1, "Plan Width": 8, "Actual Startup Time": 7769.338, "Actual Total Time": 7769.505, "Actual Rows": 1, "Actual Loops": 3, "Shared Hit Blocks": 164160, "Shared Read Blocks": 412024, "Shared Dirtied Blocks": 0, "Shared Written Blocks": 0, "Local Hit Blocks": 0, "Local Read Blocks": 0, "Local Dirtied Blocks": 0, "Local Written Blocks": 0, "Temp Read Blocks": 1555, "Temp Written Blocks": 1616, "Workers": [], "Plans": [{"Node Type": "Hash Join", "Parent Relationship": "Outer", "Parallel Aware": true, "Join Type": "Inner", "Startup Cost": 287653.41, "Total Cost": 748844.22, "Plan Rows": 135568, "Plan Width": 0, "Actual Startup Time": 1567.713, "Actual Total Time": 7669.876, "Actual Rows": 610369, "Actual Loops": 3, "Inner Unique": false, "Hash Cond": "(ci.movie_id = t.id)", "Shared Hit Blocks": 164160, "Shared Read Blocks": 412024, "Shared Dirtied Blocks": 0, "Shared Written Blocks": 0, "Local Hit Blocks": 0, "Local Read Blocks": 0, "Local Dirtied Blocks": 0, "Local Written Blocks": 0, "Temp Read Blocks": 1555, "Temp Written Blocks": 1616, "Workers": [], "Plans": [{"Node Type": "Seq Scan", "Parent Relationship": "Outer", "Parallel Aware": true, "Relation Name": "cast_info", "Alias": "ci", "Startup Cost": 0.0, "Total Cost": 403915.33, "Plan Rows": 15122833, "Plan Width": 4, "Actual Startup Time": 0.033, "Actual Total Time": 1966.685, "Actual Rows": 12081448, "Actual Loops": 3, "Shared Hit Blocks": 1632, "Shared Read Blocks": 251055, "Shared Dirtied Blocks": 0, "Shared Written Blocks": 0, "Local Hit Blocks": 0, "Local Read Blocks": 0, "Local Dirtied Blocks": 0, "Local Written Blocks": 0, "Temp Read Blocks": 0, "Temp Written Blocks": 0, "Workers": []}, {"Node Type": "Hash", "Parent Relationship": "Inner", "Parallel Aware": true, "Startup Cost": 287535.37, "Total Cost": 287535.37, "Plan Rows": 9443, "Plan Width": 12, "Actual Startup Time": 1567.351, "Actual Total Time": 1567.517, "Actual Rows": 15144, "Actual Loops": 3, "Hash Buckets": 65536, "Original Hash Buckets": 32768, "Hash Batches": 1, "Original Hash Batches": 1, "Peak Memory Usage": 2976, "Shared Hit Blocks": 162462, "Shared Read Blocks": 160969, "Shared Dirtied Blocks": 0, "Shared Written Blocks": 0, "Local Hit Blocks": 0, "Local Read Blocks": 0, "Local Dirtied Blocks": 0, "Local Written Blocks": 0, "Temp Read Blocks": 1555, "Temp Written Blocks": 1616, "Workers": [], "Plans": [{"Node Type": "Nested Loop", "Parent Relationship": "Outer", "Parallel Aware": false, "Join Type": "Inner", "Startup Cost": 18274.32, "Total Cost": 287535.37, "Plan Rows": 9443, "Plan Width": 12, "Actual Startup Time": 1347.537, "Actual Total Time": 1549.483, "Actual Rows": 15144, "Actual Loops": 3, "Inner Unique": true, "Join Filter": "(mi.movie_id = t.id)", "Rows Removed by Join Filter": 0, "Shared Hit Blocks": 162462, "Shared Read Blocks": 160969, "Shared Dirtied Blocks": 0, "Shared Written Blocks": 0, "Local Hit Blocks": 0, "Local Read Blocks": 0, "Local Dirtied Blocks": 0, "Local Written Blocks": 0, "Temp Read Blocks": 1555, "Temp Written Blocks": 1616, "Workers": [], "Plans": [{"Node Type": "Hash Join", "Parent Relationship": "Outer", "Parallel Aware": true, "Join Type": "Inner", "Startup Cost": 18273.89, "Total Cost": 259239.21, "Plan Rows": 52581, "Plan Width": 8, "Actual Startup Time": 1347.484, "Actual Total Time": 1392.442, "Actual Rows": 15144, "Actual Loops": 3, "Inner Unique": false, "Hash Cond": "(mi.movie_id = mi_idx.movie_id)", "Shared Hit Blocks": 9663, "Shared Read Blocks": 160265, "Shared Dirtied Blocks": 0, "Shared Written Blocks": 0, "Local Hit Blocks": 0, "Local Read Blocks": 0, "Local Dirtied Blocks": 0, "Local Written Blocks": 0, "Temp Read Blocks": 1555, "Temp Written Blocks": 1616, "Workers": [], "Plans": [{"Node Type": "Seq Scan", "Parent Relationship": "Outer", "Parallel Aware": true, "Relation Name": "movie_info", "Alias": "mi", "Startup Cost": 0.0, "Total Cost": 239394.94, "Plan Rows": 51808, "Plan Width": 4, "Actual Startup Time": 678.396, "Actual Total Time": 1149.31, "Actual Rows": 40621, "Actual Loops": 3, "Filter": "(info_type_id = 105)", "Rows Removed by Filter": 4904619, "Shared Hit Blocks": 1728, "Shared Read Blocks": 160265, "Shared Dirtied Blocks": 0, "Shared Written Blocks": 0, "Local Hit Blocks": 0, "Local Read Blocks": 0, "Local Dirtied Blocks": 0, "Local Written Blocks": 0, "Temp Read Blocks": 0, "Temp Written Blocks": 0, "Workers": []}, {"Node Type": "Hash", "Parent Relationship": "Inner", "Parallel Aware": true, "Startup Cost": 15122.68, "Total Cost": 15122.68, "Plan Rows": 192017, "Plan Width": 4, "Actual Startup Time": 175.369, "Actual Total Time": 175.369, "Actual Rows": 153308, "Actual Loops": 3, "Hash Buckets": 131072, "Original Hash Buckets": 131072, "Hash Batches": 8, "Original Hash Batches": 8, "Peak Memory Usage": 3328, "Shared Hit Blocks": 7935, "Shared Read Blocks": 0, "Shared Dirtied Blocks": 0, "Shared Written Blocks": 0, "Local Hit Blocks": 0, "Local Read Blocks": 0, "Local Dirtied Blocks": 0, "Local Written Blocks": 0, "Temp Read Blocks": 0, "Temp Written Blocks": 1232, "Workers": [], "Plans": [{"Node Type": "Seq Scan", "Parent Relationship": "Outer", "Parallel Aware": true, "Relation Name": "movie_info_idx", "Alias": "mi_idx", "Startup Cost": 0.0, "Total Cost": 15122.68, "Plan Rows": 192017, "Plan Width": 4, "Actual Startup Time": 0.009, "Actual Total Time": 118.853, "Actual Rows": 153308, "Actual Loops": 3, "Filter": "(info_type_id = 100)", "Rows Removed by Filter": 306703, "Shared Hit Blocks": 7935, "Shared Read Blocks": 0, "Shared Dirtied Blocks": 0, "Shared Written Blocks": 0, "Local Hit Blocks": 0, "Local Read Blocks": 0, "Local Dirtied Blocks": 0, "Local Written Blocks": 0, "Temp Read Blocks": 0, "Temp Written Blocks": 0, "Workers": []}]}]}, {"Node Type": "Index Only Scan", "Parent Relationship": "Inner", "Parallel Aware": false, "Scan Direction": "Forward", "Index Name": "title_pkey", "Relation Name": "title", "Alias": "t", "Startup Cost": 0.43, "Total Cost": 0.53, "Plan Rows": 1, "Plan Width": 4, "Actual Startup Time": 0.01, "Actual Total Time": 0.01, "Actual Rows": 1, "Actual Loops": 45431, "Index Cond": "(id = mi_idx.movie_id)", "Rows Removed by Index Recheck": 0, "Heap Fetches": 0, "Shared Hit Blocks": 152799, "Shared Read Blocks": 704, "Shared Dirtied Blocks": 0, "Shared Written Blocks": 0, "Local Hit Blocks": 0, "Local Read Blocks": 0, "Local Dirtied Blocks": 0, "Local Written Blocks": 0, "Temp Read Blocks": 0, "Temp Written Blocks": 0, "Workers": []}]}]}]}]}]}]}, "Planning": {"Shared Hit Blocks": 40, "Shared Read Blocks": 0, "Shared Dirtied Blocks": 0, "Shared Written Blocks": 0, "Local Hit Blocks": 0, "Local Read Blocks": 0, "Local Dirtied Blocks": 0, "Local Written Blocks": 0, "Temp Read Blocks": 0, "Temp Written Blocks": 0}, "Planning Time": 0.993, "Triggers": [], "Execution Time": 7779.729}]