[{"Plan": {"Node Type": "Aggregate", "Strategy": "Plain", "Partial Mode": "Finalize", "Parallel Aware": false, "Startup Cost": 923800.38, "Total Cost": 923800.39, "Plan Rows": 1, "Plan Width": 8, "Actual Startup Time": 30801.351, "Actual Total Time": 30968.902, "Actual Rows": 1, "Actual Loops": 1, "Shared Hit Blocks": 59082, "Shared Read Blocks": 410552, "Shared Dirtied Blocks": 0, "Shared Written Blocks": 0, "Local Hit Blocks": 0, "Local Read Blocks": 0, "Local Dirtied Blocks": 0, "Local Written Blocks": 0, "Temp Read Blocks": 99778, "Temp Written Blocks": 102560, "Plans": [{"Node Type": "Gather", "Parent Relationship": "Outer", "Parallel Aware": false, "Startup Cost": 923800.16, "Total Cost": 923800.37, "Plan Rows": 2, "Plan Width": 8, "Actual Startup Time": 30792.658, "Actual Total Time": 30968.889, "Actual Rows": 3, "Actual Loops": 1, "Workers Planned": 2, "Workers Launched": 2, "Single Copy": false, "Shared Hit Blocks": 59082, "Shared Read Blocks": 410552, "Shared Dirtied Blocks": 0, "Shared Written Blocks": 0, "Local Hit Blocks": 0, "Local Read Blocks": 0, "Local Dirtied Blocks": 0, "Local Written Blocks": 0, "Temp Read Blocks": 99778, "Temp Written Blocks": 102560, "Plans": [{"Node Type": "Aggregate", "Strategy": "Plain", "Partial Mode": "Partial", "Parent Relationship": "Outer", "Parallel Aware": false, "Startup Cost": 922800.16, "Total Cost": 922800.17, "Plan Rows": 1, "Plan Width": 8, "Actual Startup Time": 30792.823, "Actual Total Time": 30792.896, "Actual Rows": 1, "Actual Loops": 3, "Shared Hit Blocks": 59082, "Shared Read Blocks": 410552, "Shared Dirtied Blocks": 0, "Shared Written Blocks": 0, "Local Hit Blocks": 0, "Local Read Blocks": 0, "Local Dirtied Blocks": 0, "Local Written Blocks": 0, "Temp Read Blocks": 99778, "Temp Written Blocks": 102560, "Workers": [], "Plans": [{"Node Type": "Hash Join", "Parent Relationship": "Outer", "Parallel Aware": true, "Join Type": "Inner", "Startup Cost": 412635.01, "Total Cost": 913159.57, "Plan Rows": 3856236, "Plan Width": 0, "Actual Startup Time": 12075.294, "Actual Total Time": 24835.011, "Actual Rows": 44105884, "Actual Loops": 3, "Inner Unique": false, "Hash Cond": "(ci.movie_id = t.id)", "Shared Hit Blocks": 59082, "Shared Read Blocks": 410552, "Shared Dirtied Blocks": 0, "Shared Written Blocks": 0, "Local Hit Blocks": 0, "Local Read Blocks": 0, "Local Dirtied Blocks": 0, "Local Written Blocks": 0, "Temp Read Blocks": 99778, "Temp Written Blocks": 102560, "Workers": [], "Plans": [{"Node Type": "Seq Scan", "Parent Relationship": "Outer", "Parallel Aware": true, "Relation Name": "cast_info", "Alias": "ci", "Startup Cost": 0.0, "Total Cost": 441722.42, "Plan Rows": 3151598, "Plan Width": 4, "Actual Startup Time": 1096.917, "Actual Total Time": 3604.384, "Actual Rows": 2483991, "Actual Loops": 3, "Filter": "(role_id = 2)", "Rows Removed by Filter": 9597457, "Shared Hit Blocks": 2016, "Shared Read Blocks": 250671, "Shared Dirtied Blocks": 0, "Shared Written Blocks": 0, "Local Hit Blocks": 0, "Local Read Blocks": 0, "Local Dirtied Blocks": 0, "Local Written Blocks": 0, "Temp Read Blocks": 0, "Temp Written Blocks": 0, "Workers": []}, {"Node Type": "Hash", "Parent Relationship": "Inner", "Parallel Aware": true, "Startup Cost": 390229.27, "Total Cost": 390229.27, "Plan Rows": 1288939, "Plan Width": 12, "Actual Startup Time": 7438.207, "Actual Total Time": 7438.22, "Actual Rows": 3635007, "Actual Loops": 3, "Hash Buckets": 131072, "Original Hash Buckets": 131072, "Hash Batches": 256, "Original Hash Batches": 64, "Peak Memory Usage": 3936, "Shared Hit Blocks": 56900, "Shared Read Blocks": 159881, "Shared Dirtied Blocks": 0, "Shared Written Blocks": 0, "Local Hit Blocks": 0, "Local Read Blocks": 0, "Local Dirtied Blocks": 0, "Local Written Blocks": 0, "Temp Read Blocks": 34913, "Temp Written Blocks": 78816, "Workers": [], "Plans": [{"Node Type": "Hash Join", "Parent Relationship": "Outer", "Parallel Aware": true, "Join Type": "Inner", "Startup Cost": 126775.16, "Total Cost": 390229.27, "Plan Rows": 1288939, "Plan Width": 12, "Actual Startup Time": 3962.382, "Actual Total Time": 5777.305, "Actual Rows": 3635007, "Actual Loops": 3, "Inner Unique": false, "Hash Cond": "(mi.movie_id = t.id)", "Shared Hit Blocks": 56900, "Shared Read Blocks": 159881, "Shared Dirtied Blocks": 0, "Shared Written Blocks": 0, "Local Hit Blocks": 0, "Local Read Blocks": 0, "Local Dirtied Blocks": 0, "Local Written Blocks": 0, "Temp Read Blocks": 32956, "Temp Written Blocks": 33792, "Workers": [], "Plans": [{"Node Type": "Seq Scan", "Parent Relationship": "Outer", "Parallel Aware": true, "Relation Name": "movie_info", "Alias": "mi", "Startup Cost": 0.0, "Total Cost": 239394.94, "Plan Rows": 1248958, "Plan Width": 4, "Actual Startup Time": 346.223, "Actual Total Time": 1313.332, "Actual Rows": 1012240, "Actual Loops": 3, "Filter": "(info_type_id = 16)", "Rows Removed by Filter": 3933000, "Shared Hit Blocks": 2112, "Shared Read Blocks": 159881, "Shared Dirtied Blocks": 0, "Shared Written Blocks": 0, "Local Hit Blocks": 0, "Local Read Blocks": 0, "Local Dirtied Blocks": 0, "Local Written Blocks": 0, "Temp Read Blocks": 0, "Temp Written Blocks": 0, "Workers": []}, {"Node Type": "Hash", "Parent Relationship": "Inner", "Parallel Aware": true, "Startup Cost": 108938.95, "Total Cost": 108938.95, "Plan Rows": 1087137, "Plan Width": 8, "Actual Startup Time": 2272.752, "Actual Total Time": 2272.758, "Actual Rows": 869710, "Actual Loops": 3, "Hash Buckets": 131072, "Original Hash Buckets": 131072, "Hash Batches": 64, "Original Hash Batches": 64, "Peak Memory Usage": 2688, "Shared Hit Blocks": 54788, "Shared Read Blocks": 0, "Shared Dirtied Blocks": 0, "Shared Written Blocks": 0, "Local Hit Blocks": 0, "Local Read Blocks": 0, "Local Dirtied Blocks": 0, "Local Written Blocks": 0, "Temp Read Blocks": 15132, "Temp Written Blocks": 24572, "Workers": [], "Plans": [{"Node Type": "Hash Join", "Parent Relationship": "Outer", "Parallel Aware": true, "Join Type": "Inner", "Startup Cost": 63814.84, "Total Cost": 108938.95, "Plan Rows": 1087137, "Plan Width": 8, "Actual Startup Time": 1154.784, "Actual Total Time": 1877.439, "Actual Rows": 869710, "Actual Loops": 3, "Inner Unique": true, "Hash Cond": "(mc.movie_id = t.id)", "Shared Hit Blocks": 54788, "Shared Read Blocks": 0, "Shared Dirtied Blocks": 0, "Shared Written Blocks": 0, "Local Hit Blocks": 0, "Local Read Blocks": 0, "Local Dirtied Blocks": 0, "Local Written Blocks": 0, "Temp Read Blocks": 15132, "Temp Written Blocks": 15652, "Workers": [], "Plans": [{"Node Type": "Seq Scan", "Parent Relationship": "Outer", "Parallel Aware": true, "Relation Name": "movie_companies", "Alias": "mc", "Startup Cost": 0.0, "Total Cost": 29661.37, "Plan Rows": 1087137, "Plan Width": 4, "Actual Startup Time": 0.019, "Actual Total Time": 258.098, "Actual Rows": 869710, "Actual Loops": 3, "Shared Hit Blocks": 18790, "Shared Read Blocks": 0, "Shared Dirtied Blocks": 0, "Shared Written Blocks": 0, "Local Hit Blocks": 0, "Local Read Blocks": 0, "Local Dirtied Blocks": 0, "Local Written Blocks": 0, "Temp Read Blocks": 0, "Temp Written Blocks": 0, "Workers": []}, {"Node Type": "Hash", "Parent Relationship": "Inner", "Parallel Aware": true, "Startup Cost": 46532.15, "Total Cost": 46532.15, "Plan Rows": 1053415, "Plan Width": 4, "Actual Startup Time": 561.24, "Actual Total Time": 561.241, "Actual Rows": 842771, "Actual Loops": 3, "Hash Buckets": 131072, "Original Hash Buckets": 131072, "Hash Batches": 64, "Original Hash Batches": 64, "Peak Memory Usage": 2624, "Shared Hit Blocks": 35998, "Shared Read Blocks": 0, "Shared Dirtied Blocks": 0, "Shared Written Blocks": 0, "Local Hit Blocks": 0, "Local Read Blocks": 0, "Local Dirtied Blocks": 0, "Local Written Blocks": 0, "Temp Read Blocks": 0, "Temp Written Blocks": 7576, "Workers": [], "Plans": [{"Node Type": "Seq Scan", "Parent Relationship": "Outer", "Parallel Aware": true, "Relation Name": "title", "Alias": "t", "Startup Cost": 0.0, "Total Cost": 46532.15, "Plan Rows": 1053415, "Plan Width": 4, "Actual Startup Time": 0.013, "Actual Total Time": 247.473, "Actual Rows": 842771, "Actual Loops": 3, "Shared Hit Blocks": 35998, "Shared Read Blocks": 0, "Shared Dirtied Blocks": 0, "Shared Written Blocks": 0, "Local Hit Blocks": 0, "Local Read Blocks": 0, "Local Dirtied Blocks": 0, "Local Written Blocks": 0, "Temp Read Blocks": 0, "Temp Written Blocks": 0, "Workers": []}]}]}]}]}]}]}]}]}]}, "Planning": {"Shared Hit Blocks": 40, "Shared Read Blocks": 0, "Shared Dirtied Blocks": 0, "Shared Written Blocks": 0, "Local Hit Blocks": 0, "Local Read Blocks": 0, "Local Dirtied Blocks": 0, "Local Written Blocks": 0, "Temp Read Blocks": 0, "Temp Written Blocks": 0}, "Planning Time": 0.903, "Triggers": [], "Execution Time": 30969.081}]