[
    {
        "Plan": {
            "Node Type": "Aggregate",
            "Strategy": "Plain",
            "Partial Mode": "Finalize",
            "Parallel Aware": false,
            "Startup Cost": 461916.04,
            "Total Cost": 461916.05,
            "Plan Rows": 1,
            "Plan Width": 8,
            "Actual Startup Time": 15066.939,
            "Actual Total Time": 15140.944,
            "Actual Rows": 1,
            "Actual Loops": 1,
            "Shared Hit Blocks": 60810,
            "Shared Read Blocks": 161801,
            "Shared Dirtied Blocks": 0,
            "Shared Written Blocks": 0,
            "Local Hit Blocks": 0,
            "Local Read Blocks": 0,
            "Local Dirtied Blocks": 0,
            "Local Written Blocks": 0,
            "Temp Read Blocks": 63821,
            "Temp Written Blocks": 64172,
            "Plans": [
                {
                    "Node Type": "Gather",
                    "Parent Relationship": "Outer",
                    "Parallel Aware": false,
                    "Startup Cost": 461915.82,
                    "Total Cost": 461916.03,
                    "Plan Rows": 2,
                    "Plan Width": 8,
                    "Actual Startup Time": 15066.243,
                    "Actual Total Time": 15140.912,
                    "Actual Rows": 3,
                    "Actual Loops": 1,
                    "Workers Planned": 2,
                    "Workers Launched": 2,
                    "Single Copy": false,
                    "Shared Hit Blocks": 60810,
                    "Shared Read Blocks": 161801,
                    "Shared Dirtied Blocks": 0,
                    "Shared Written Blocks": 0,
                    "Local Hit Blocks": 0,
                    "Local Read Blocks": 0,
                    "Local Dirtied Blocks": 0,
                    "Local Written Blocks": 0,
                    "Temp Read Blocks": 63821,
                    "Temp Written Blocks": 64172,
                    "Plans": [
                        {
                            "Node Type": "Aggregate",
                            "Strategy": "Plain",
                            "Partial Mode": "Partial",
                            "Parent Relationship": "Outer",
                            "Parallel Aware": false,
                            "Startup Cost": 460915.82,
                            "Total Cost": 460915.83,
                            "Plan Rows": 1,
                            "Plan Width": 8,
                            "Actual Startup Time": 15062.641,
                            "Actual Total Time": 15062.649,
                            "Actual Rows": 1,
                            "Actual Loops": 3,
                            "Shared Hit Blocks": 60810,
                            "Shared Read Blocks": 161801,
                            "Shared Dirtied Blocks": 0,
                            "Shared Written Blocks": 0,
                            "Local Hit Blocks": 0,
                            "Local Read Blocks": 0,
                            "Local Dirtied Blocks": 0,
                            "Local Written Blocks": 0,
                            "Temp Read Blocks": 63821,
                            "Temp Written Blocks": 64172,
                            "Workers": [],
                            "Plans": [
                                {
                                    "Node Type": "Hash Join",
                                    "Parent Relationship": "Outer",
                                    "Parallel Aware": true,
                                    "Join Type": "Inner",
                                    "Startup Cost": 133010.61,
                                    "Total Cost": 449870.17,
                                    "Plan Rows": 4418263,
                                    "Plan Width": 0,
                                    "Actual Startup Time": 5817.954,
                                    "Actual Total Time": 12241.847,
                                    "Actual Rows": 20894104,
                                    "Actual Loops": 3,
                                    "Inner Unique": false,
                                    "Hash Cond": "(mi.movie_id = t.id)",
                                    "Shared Hit Blocks": 60810,
                                    "Shared Read Blocks": 161801,
                                    "Shared Dirtied Blocks": 0,
                                    "Shared Written Blocks": 0,
                                    "Local Hit Blocks": 0,
                                    "Local Read Blocks": 0,
                                    "Local Dirtied Blocks": 0,
                                    "Local Written Blocks": 0,
                                    "Temp Read Blocks": 63821,
                                    "Temp Written Blocks": 64172,
                                    "Workers": [],
                                    "Plans": [
                                        {
                                            "Node Type": "Seq Scan",
                                            "Parent Relationship": "Outer",
                                            "Parallel Aware": true,
                                            "Relation Name": "movie_info",
                                            "Alias": "mi",
                                            "Startup Cost": 0.0,
                                            "Total Cost": 223914.55,
                                            "Plan Rows": 6192155,
                                            "Plan Width": 4,
                                            "Actual Startup Time": 0.058,
                                            "Actual Total Time": 1648.561,
                                            "Actual Rows": 4945240,
                                            "Actual Loops": 3,
                                            "Shared Hit Blocks": 192,
                                            "Shared Read Blocks": 161801,
                                            "Shared Dirtied Blocks": 0,
                                            "Shared Written Blocks": 0,
                                            "Local Hit Blocks": 0,
                                            "Local Read Blocks": 0,
                                            "Local Dirtied Blocks": 0,
                                            "Local Written Blocks": 0,
                                            "Temp Read Blocks": 0,
                                            "Temp Written Blocks": 0,
                                            "Workers": []
                                        },
                                        {
                                            "Node Type": "Hash",
                                            "Parent Relationship": "Inner",
                                            "Parallel Aware": true,
                                            "Startup Cost": 120678.12,
                                            "Total Cost": 120678.12,
                                            "Plan Rows": 751639,
                                            "Plan Width": 8,
                                            "Actual Startup Time": 2254.234,
                                            "Actual Total Time": 2254.239,
                                            "Actual Rows": 417697,
                                            "Actual Loops": 3,
                                            "Hash Buckets": 131072,
                                            "Original Hash Buckets": 131072,
                                            "Hash Batches": 32,
                                            "Original Hash Batches": 32,
                                            "Peak Memory Usage": 2656,
                                            "Shared Hit Blocks": 60452,
                                            "Shared Read Blocks": 0,
                                            "Shared Dirtied Blocks": 0,
                                            "Shared Written Blocks": 0,
                                            "Local Hit Blocks": 0,
                                            "Local Read Blocks": 0,
                                            "Local Dirtied Blocks": 0,
                                            "Local Written Blocks": 0,
                                            "Temp Read Blocks": 16102,
                                            "Temp Written Blocks": 20480,
                                            "Workers": [],
                                            "Plans": [
                                                {
                                                    "Node Type": "Hash Join",
                                                    "Parent Relationship": "Outer",
                                                    "Parallel Aware": true,
                                                    "Join Type": "Inner",
                                                    "Startup Cost": 56057.36,
                                                    "Total Cost": 120678.12,
                                                    "Plan Rows": 751639,
                                                    "Plan Width": 8,
                                                    "Actual Startup Time": 1574.754,
                                                    "Actual Total Time": 2065.82,
                                                    "Actual Rows": 417697,
                                                    "Actual Loops": 3,
                                                    "Inner Unique": true,
                                                    "Hash Cond": "(mk.movie_id = t.id)",
                                                    "Shared Hit Blocks": 60452,
                                                    "Shared Read Blocks": 0,
                                                    "Shared Dirtied Blocks": 0,
                                                    "Shared Written Blocks": 0,
                                                    "Local Hit Blocks": 0,
                                                    "Local Read Blocks": 0,
                                                    "Local Dirtied Blocks": 0,
                                                    "Local Written Blocks": 0,
                                                    "Temp Read Blocks": 16102,
                                                    "Temp Written Blocks": 16248,
                                                    "Workers": [],
                                                    "Plans": [
                                                        {
                                                            "Node Type": "Seq Scan",
                                                            "Parent Relationship": "Outer",
                                                            "Parallel Aware": true,
                                                            "Relation Name": "movie_keyword",
                                                            "Alias": "mk",
                                                            "Startup Cost": 0.0,
                                                            "Total Cost": 43303.71,
                                                            "Plan Rows": 1884971,
                                                            "Plan Width": 4,
                                                            "Actual Startup Time": 0.013,
                                                            "Actual Total Time": 465.173,
                                                            "Actual Rows": 1507977,
                                                            "Actual Loops": 3,
                                                            "Shared Hit Blocks": 24454,
                                                            "Shared Read Blocks": 0,
                                                            "Shared Dirtied Blocks": 0,
                                                            "Shared Written Blocks": 0,
                                                            "Local Hit Blocks": 0,
                                                            "Local Read Blocks": 0,
                                                            "Local Dirtied Blocks": 0,
                                                            "Local Written Blocks": 0,
                                                            "Temp Read Blocks": 0,
                                                            "Temp Written Blocks": 0,
                                                            "Workers": []
                                                        },
                                                        {
                                                            "Node Type": "Hash",
                                                            "Parent Relationship": "Inner",
                                                            "Parallel Aware": true,
                                                            "Startup Cost": 49165.69,
                                                            "Total Cost": 49165.69,
                                                            "Plan Rows": 420053,
                                                            "Plan Width": 4,
                                                            "Actual Startup Time": 508.596,
                                                            "Actual Total Time": 508.597,
                                                            "Actual Rows": 337640,
                                                            "Actual Loops": 3,
                                                            "Hash Buckets": 131072,
                                                            "Original Hash Buckets": 131072,
                                                            "Hash Batches": 16,
                                                            "Original Hash Batches": 16,
                                                            "Peak Memory Usage": 3552,
                                                            "Shared Hit Blocks": 35998,
                                                            "Shared Read Blocks": 0,
                                                            "Shared Dirtied Blocks": 0,
                                                            "Shared Written Blocks": 0,
                                                            "Local Hit Blocks": 0,
                                                            "Local Read Blocks": 0,
                                                            "Local Dirtied Blocks": 0,
                                                            "Local Written Blocks": 0,
                                                            "Temp Read Blocks": 0,
                                                            "Temp Written Blocks": 2880,
                                                            "Workers": [],
                                                            "Plans": [
                                                                {
                                                                    "Node Type": "Seq Scan",
                                                                    "Parent Relationship": "Outer",
                                                                    "Parallel Aware": true,
                                                                    "Relation Name": "title",
                                                                    "Alias": "t",
                                                                    "Startup Cost": 0.0,
                                                                    "Total Cost": 49165.69,
                                                                    "Plan Rows": 420053,
                                                                    "Plan Width": 4,
                                                                    "Actual Startup Time": 0.09,
                                                                    "Actual Total Time": 350.051,
                                                                    "Actual Rows": 337640,
                                                                    "Actual Loops": 3,
                                                                    "Filter": "(production_year > 2005)",
                                                                    "Rows Removed by Filter": 505131,
                                                                    "Shared Hit Blocks": 35998,
                                                                    "Shared Read Blocks": 0,
                                                                    "Shared Dirtied Blocks": 0,
                                                                    "Shared Written Blocks": 0,
                                                                    "Local Hit Blocks": 0,
                                                                    "Local Read Blocks": 0,
                                                                    "Local Dirtied Blocks": 0,
                                                                    "Local Written Blocks": 0,
                                                                    "Temp Read Blocks": 0,
                                                                    "Temp Written Blocks": 0,
                                                                    "Workers": []
                                                                }
                                                            ]
                                                        }
                                                    ]
                                                }
                                            ]
                                        }
                                    ]
                                }
                            ]
                        }
                    ]
                }
            ]
        },
        "Planning": {
            "Shared Hit Blocks": 43,
            "Shared Read Blocks": 0,
            "Shared Dirtied Blocks": 0,
            "Shared Written Blocks": 0,
            "Local Hit Blocks": 0,
            "Local Read Blocks": 0,
            "Local Dirtied Blocks": 0,
            "Local Written Blocks": 0,
            "Temp Read Blocks": 0,
            "Temp Written Blocks": 0
        },
        "Planning Time": 0.747,
        "Triggers": [],
        "Execution Time": 15141.061
    }
]