[{"Plan": {"Node Type": "Aggregate", "Strategy": "Plain", "Partial Mode": "Finalize", "Parallel Aware": false, "Startup Cost": 916959.08, "Total Cost": 916959.09, "Plan Rows": 1, "Plan Width": 8, "Actual Startup Time": 235444.598, "Actual Total Time": 239822.97, "Actual Rows": 1, "Actual Loops": 1, "Shared Hit Blocks": 84592, "Shared Read Blocks": 409496, "Shared Dirtied Blocks": 0, "Shared Written Blocks": 0, "Local Hit Blocks": 0, "Local Read Blocks": 0, "Local Dirtied Blocks": 0, "Local Written Blocks": 0, "Temp Read Blocks": 411151, "Temp Written Blocks": 599000, "Plans": [{"Node Type": "Gather", "Parent Relationship": "Outer", "Parallel Aware": false, "Startup Cost": 916958.86, "Total Cost": 916959.07, "Plan Rows": 2, "Plan Width": 8, "Actual Startup Time": 235444.533, "Actual Total Time": 239822.917, "Actual Rows": 3, "Actual Loops": 1, "Workers Planned": 2, "Workers Launched": 2, "Single Copy": false, "Shared Hit Blocks": 84592, "Shared Read Blocks": 409496, "Shared Dirtied Blocks": 0, "Shared Written Blocks": 0, "Local Hit Blocks": 0, "Local Read Blocks": 0, "Local Dirtied Blocks": 0, "Local Written Blocks": 0, "Temp Read Blocks": 411151, "Temp Written Blocks": 599000, "Plans": [{"Node Type": "Aggregate", "Strategy": "Plain", "Partial Mode": "Partial", "Parent Relationship": "Outer", "Parallel Aware": false, "Startup Cost": 915958.86, "Total Cost": 915958.87, "Plan Rows": 1, "Plan Width": 8, "Actual Startup Time": 235413.395, "Actual Total Time": 235414.234, "Actual Rows": 1, "Actual Loops": 3, "Shared Hit Blocks": 84592, "Shared Read Blocks": 409496, "Shared Dirtied Blocks": 0, "Shared Written Blocks": 0, "Local Hit Blocks": 0, "Local Read Blocks": 0, "Local Dirtied Blocks": 0, "Local Written Blocks": 0, "Temp Read Blocks": 411151, "Temp Written Blocks": 599000, "Workers": [], "Plans": [{"Node Type": "Hash Join", "Parent Relationship": "Outer", "Parallel Aware": true, "Join Type": "Inner", "Startup Cost": 428895.0, "Total Cost": 913277.63, "Plan Rows": 1072494, "Plan Width": 0, "Actual Startup Time": 48666.22, "Actual Total Time": 174496.027, "Actual Rows": 450936518, "Actual Loops": 3, "Inner Unique": false, "Hash Cond": "(ci.movie_id = t.id)", "Shared Hit Blocks": 84592, "Shared Read Blocks": 409496, "Shared Dirtied Blocks": 0, "Shared Written Blocks": 0, "Local Hit Blocks": 0, "Local Read Blocks": 0, "Local Dirtied Blocks": 0, "Local Written Blocks": 0, "Temp Read Blocks": 411151, "Temp Written Blocks": 599000, "Workers": [], "Plans": [{"Node Type": "Seq Scan", "Parent Relationship": "Outer", "Parallel Aware": true, "Relation Name": "cast_info", "Alias": "ci", "Startup Cost": 0.0, "Total Cost": 441722.42, "Plan Rows": 3151598, "Plan Width": 4, "Actual Startup Time": 1222.753, "Actual Total Time": 3851.658, "Actual Rows": 2483991, "Actual Loops": 3, "Filter": "(role_id = 2)", "Rows Removed by Filter": 9597457, "Shared Hit Blocks": 2400, "Shared Read Blocks": 250287, "Shared Dirtied Blocks": 0, "Shared Written Blocks": 0, "Local Hit Blocks": 0, "Local Read Blocks": 0, "Local Dirtied Blocks": 0, "Local Written Blocks": 0, "Temp Read Blocks": 0, "Temp Written Blocks": 0, "Workers": []}, {"Node Type": "Hash", "Parent Relationship": "Inner", "Parallel Aware": true, "Startup Cost": 422663.01, "Total Cost": 422663.01, "Plan Rows": 358479, "Plan Width": 16, "Actual Startup Time": 32975.9, "Actual Total Time": 32975.912, "Actual Rows": 22532427, "Actual Loops": 3, "Hash Buckets": 131072, "Original Hash Buckets": 131072, "Hash Batches": 16384, "Original Hash Batches": 16, "Peak Memory Usage": 52640, "Shared Hit Blocks": 82026, "Shared Read Blocks": 159209, "Shared Dirtied Blocks": 0, "Shared Written Blocks": 0, "Local Hit Blocks": 0, "Local Read Blocks": 0, "Local Dirtied Blocks": 0, "Local Written Blocks": 0, "Temp Read Blocks": 54198, "Temp Written Blocks": 402392, "Workers": [], "Plans": [{"Node Type": "Hash Join", "Parent Relationship": "Outer", "Parallel Aware": true, "Join Type": "Inner", "Startup Cost": 355090.0, "Total Cost": 422663.01, "Plan Rows": 358479, "Plan Width": 16, "Actual Startup Time": 4364.658, "Actual Total Time": 13146.354, "Actual Rows": 22532427, "Actual Loops": 3, "Inner Unique": false, "Hash Cond": "(mk.movie_id = t.id)", "Shared Hit Blocks": 82026, "Shared Read Blocks": 159209, "Shared Dirtied Blocks": 0, "Shared Written Blocks": 0, "Local Hit Blocks": 0, "Local Read Blocks": 0, "Local Dirtied Blocks": 0, "Local Written Blocks": 0, "Temp Read Blocks": 38893, "Temp Written Blocks": 39336, "Workers": [], "Plans": [{"Node Type": "Seq Scan", "Parent Relationship": "Outer", "Parallel Aware": true, "Relation Name": "movie_keyword", "Alias": "mk", "Startup Cost": 0.0, "Total Cost": 43303.71, "Plan Rows": 1884971, "Plan Width": 4, "Actual Startup Time": 0.019, "Actual Total Time": 419.59, "Actual Rows": 1507977, "Actual Loops": 3, "Shared Hit Blocks": 24454, "Shared Read Blocks": 0, "Shared Dirtied Blocks": 0, "Shared Written Blocks": 0, "Local Hit Blocks": 0, "Local Read Blocks": 0, "Local Dirtied Blocks": 0, "Local Written Blocks": 0, "Temp Read Blocks": 0, "Temp Written Blocks": 0, "Workers": []}, {"Node Type": "Hash", "Parent Relationship": "Inner", "Parallel Aware": true, "Startup Cost": 351606.8, "Total Cost": 351606.8, "Plan Rows": 200336, "Plan Width": 12, "Actual Startup Time": 3406.563, "Actual Total Time": 3406.571, "Actual Rows": 419404, "Actual Loops": 3, "Hash Buckets": 131072, "Original Hash Buckets": 131072, "Hash Batches": 32, "Original Hash Batches": 8, "Peak Memory Usage": 3392, "Shared Hit Blocks": 57572, "Shared Read Blocks": 159209, "Shared Dirtied Blocks": 0, "Shared Written Blocks": 0, "Local Hit Blocks": 0, "Local Read Blocks": 0, "Local Dirtied Blocks": 0, "Local Written Blocks": 0, "Temp Read Blocks": 20754, "Temp Written Blocks": 25884, "Workers": [], "Plans": [{"Node Type": "Hash Join", "Parent Relationship": "Outer", "Parallel Aware": true, "Join Type": "Inner", "Startup Cost": 96274.54, "Total Cost": 351606.8, "Plan Rows": 200336, "Plan Width": 12, "Actual Startup Time": 2843.137, "Actual Total Time": 3194.961, "Actual Rows": 419404, "Actual Loops": 3, "Inner Unique": false, "Hash Cond": "(mi.movie_id = t.id)", "Shared Hit Blocks": 57572, "Shared Read Blocks": 159209, "Shared Dirtied Blocks": 0, "Shared Written Blocks": 0, "Local Hit Blocks": 0, "Local Read Blocks": 0, "Local Dirtied Blocks": 0, "Local Written Blocks": 0, "Temp Read Blocks": 18483, "Temp Written Blocks": 18624, "Workers": [], "Plans": [{"Node Type": "Seq Scan", "Parent Relationship": "Outer", "Parallel Aware": true, "Relation Name": "movie_info", "Alias": "mi", "Startup Cost": 0.0, "Total Cost": 239394.94, "Plan Rows": 1248958, "Plan Width": 4, "Actual Startup Time": 343.227, "Actual Total Time": 1327.989, "Actual Rows": 1012240, "Actual Loops": 3, "Filter": "(info_type_id = 16)", "Rows Removed by Filter": 3933000, "Shared Hit Blocks": 2784, "Shared Read Blocks": 159209, "Shared Dirtied Blocks": 0, "Shared Written Blocks": 0, "Local Hit Blocks": 0, "Local Read Blocks": 0, "Local Dirtied Blocks": 0, "Local Written Blocks": 0, "Temp Read Blocks": 0, "Temp Written Blocks": 0, "Workers": []}, {"Node Type": "Hash", "Parent Relationship": "Inner", "Parallel Aware": true, "Startup Cost": 93501.41, "Total Cost": 93501.41, "Plan Rows": 168970, "Plan Width": 8, "Actual Startup Time": 1137.839, "Actual Total Time": 1137.844, "Actual Rows": 98212, "Actual Loops": 3, "Hash Buckets": 131072, "Original Hash Buckets": 131072, "Hash Batches": 8, "Original Hash Batches": 8, "Peak Memory Usage": 2496, "Shared Hit Blocks": 54788, "Shared Read Blocks": 0, "Shared Dirtied Blocks": 0, "Shared Written Blocks": 0, "Local Hit Blocks": 0, "Local Read Blocks": 0, "Local Dirtied Blocks": 0, "Local Written Blocks": 0, "Temp Read Blocks": 8678, "Temp Written Blocks": 9664, "Workers": [], "Plans": [{"Node Type": "Hash Join", "Parent Relationship": "Outer", "Parallel Aware": true, "Join Type": "Inner", "Startup Cost": 51852.31, "Total Cost": 93501.41, "Plan Rows": 168970, "Plan Width": 8, "Actual Startup Time": 861.576, "Actual Total Time": 1090.1, "Actual Rows": 98212, "Actual Loops": 3, "Inner Unique": true, "Hash Cond": "(mc.movie_id = t.id)", "Shared Hit Blocks": 54788, "Shared Read Blocks": 0, "Shared Dirtied Blocks": 0, "Shared Written Blocks": 0, "Local Hit Blocks": 0, "Local Read Blocks": 0, "Local Dirtied Blocks": 0, "Local Written Blocks": 0, "Temp Read Blocks": 8678, "Temp Written Blocks": 8764, "Workers": [], "Plans": [{"Node Type": "Seq Scan", "Parent Relationship": "Outer", "Parallel Aware": true, "Relation Name": "movie_companies", "Alias": "mc", "Startup Cost": 0.0, "Total Cost": 29661.37, "Plan Rows": 1087137, "Plan Width": 4, "Actual Startup Time": 0.017, "Actual Total Time": 241.499, "Actual Rows": 869710, "Actual Loops": 3, "Shared Hit Blocks": 18790, "Shared Read Blocks": 0, "Shared Dirtied Blocks": 0, "Shared Written Blocks": 0, "Local Hit Blocks": 0, "Local Read Blocks": 0, "Local Dirtied Blocks": 0, "Local Written Blocks": 0, "Temp Read Blocks": 0, "Temp Written Blocks": 0, "Workers": []}, {"Node Type": "Hash", "Parent Relationship": "Inner", "Parallel Aware": true, "Startup Cost": 49165.69, "Total Cost": 49165.69, "Plan Rows": 163729, "Plan Width": 4, "Actual Startup Time": 317.422, "Actual Total Time": 317.423, "Actual Rows": 130555, "Actual Loops": 3, "Hash Buckets": 131072, "Original Hash Buckets": 131072, "Hash Batches": 8, "Original Hash Batches": 8, "Peak Memory Usage": 3008, "Shared Hit Blocks": 35998, "Shared Read Blocks": 0, "Shared Dirtied Blocks": 0, "Shared Written Blocks": 0, "Local Hit Blocks": 0, "Local Read Blocks": 0, "Local Dirtied Blocks": 0, "Local Written Blocks": 0, "Temp Read Blocks": 0, "Temp Written Blocks": 1060, "Workers": [], "Plans": [{"Node Type": "Seq Scan", "Parent Relationship": "Outer", "Parallel Aware": true, "Relation Name": "title", "Alias": "t", "Startup Cost": 0.0, "Total Cost": 49165.69, "Plan Rows": 163729, "Plan Width": 4, "Actual Startup Time": 0.017, "Actual Total Time": 255.986, "Actual Rows": 130555, "Actual Loops": 3, "Filter": "(production_year > 2010)", "Rows Removed by Filter": 712215, "Shared Hit Blocks": 35998, "Shared Read Blocks": 0, "Shared Dirtied Blocks": 0, "Shared Written Blocks": 0, "Local Hit Blocks": 0, "Local Read Blocks": 0, "Local Dirtied Blocks": 0, "Local Written Blocks": 0, "Temp Read Blocks": 0, "Temp Written Blocks": 0, "Workers": []}]}]}]}]}]}]}]}]}]}]}]}, "Planning": {"Shared Hit Blocks": 56, "Shared Read Blocks": 0, "Shared Dirtied Blocks": 0, "Shared Written Blocks": 0, "Local Hit Blocks": 0, "Local Read Blocks": 0, "Local Dirtied Blocks": 0, "Local Written Blocks": 0, "Temp Read Blocks": 0, "Temp Written Blocks": 0}, "Planning Time": 1.914, "Triggers": [], "Execution Time": 239830.607}]