[{"Plan": {"Node Type": "Aggregate", "Strategy": "Plain", "Partial Mode": "Finalize", "Parallel Aware": false, "Startup Cost": 1002150.53, "Total Cost": 1002150.54, "Plan Rows": 1, "Plan Width": 8, "Actual Startup Time": 87415.551, "Actual Total Time": 87626.945, "Actual Rows": 1, "Actual Loops": 1, "Shared Hit Blocks": 74313, "Shared Read Blocks": 408920, "Shared Dirtied Blocks": 0, "Shared Written Blocks": 0, "Local Hit Blocks": 0, "Local Read Blocks": 0, "Local Dirtied Blocks": 0, "Local Written Blocks": 0, "Temp Read Blocks": 183786, "Temp Written Blocks": 185152, "Plans": [{"Node Type": "Gather", "Parent Relationship": "Outer", "Parallel Aware": false, "Startup Cost": 1002150.32, "Total Cost": 1002150.53, "Plan Rows": 2, "Plan Width": 8, "Actual Startup Time": 87412.257, "Actual Total Time": 87626.932, "Actual Rows": 3, "Actual Loops": 1, "Workers Planned": 2, "Workers Launched": 2, "Single Copy": false, "Shared Hit Blocks": 74313, "Shared Read Blocks": 408920, "Shared Dirtied Blocks": 0, "Shared Written Blocks": 0, "Local Hit Blocks": 0, "Local Read Blocks": 0, "Local Dirtied Blocks": 0, "Local Written Blocks": 0, "Temp Read Blocks": 183786, "Temp Written Blocks": 185152, "Plans": [{"Node Type": "Aggregate", "Strategy": "Plain", "Partial Mode": "Partial", "Parent Relationship": "Outer", "Parallel Aware": false, "Startup Cost": 1001150.32, "Total Cost": 1001150.33, "Plan Rows": 1, "Plan Width": 8, "Actual Startup Time": 87404.187, "Actual Total Time": 87404.203, "Actual Rows": 1, "Actual Loops": 3, "Shared Hit Blocks": 74313, "Shared Read Blocks": 408920, "Shared Dirtied Blocks": 0, "Shared Written Blocks": 0, "Local Hit Blocks": 0, "Local Read Blocks": 0, "Local Dirtied Blocks": 0, "Local Written Blocks": 0, "Temp Read Blocks": 183786, "Temp Written Blocks": 185152, "Workers": [], "Plans": [{"Node Type": "Hash Join", "Parent Relationship": "Outer", "Parallel Aware": true, "Join Type": "Inner", "Startup Cost": 401694.57, "Total Cost": 993771.14, "Plan Rows": 2951671, "Plan Width": 0, "Actual Startup Time": 18886.869, "Actual Total Time": 64926.988, "Actual Rows": 164314647, "Actual Loops": 3, "Inner Unique": false, "Hash Cond": "(ci.movie_id = t.id)", "Shared Hit Blocks": 74313, "Shared Read Blocks": 408920, "Shared Dirtied Blocks": 0, "Shared Written Blocks": 0, "Local Hit Blocks": 0, "Local Read Blocks": 0, "Local Dirtied Blocks": 0, "Local Written Blocks": 0, "Temp Read Blocks": 183786, "Temp Written Blocks": 185152, "Workers": [], "Plans": [{"Node Type": "Seq Scan", "Parent Relationship": "Outer", "Parallel Aware": true, "Relation Name": "cast_info", "Alias": "ci", "Startup Cost": 0.0, "Total Cost": 403915.33, "Plan Rows": 15122833, "Plan Width": 4, "Actual Startup Time": 1.075, "Actual Total Time": 5670.1, "Actual Rows": 12081448, "Actual Loops": 3, "Shared Hit Blocks": 2688, "Shared Read Blocks": 249999, "Shared Dirtied Blocks": 0, "Shared Written Blocks": 0, "Local Hit Blocks": 0, "Local Read Blocks": 0, "Local Dirtied Blocks": 0, "Local Written Blocks": 0, "Temp Read Blocks": 0, "Temp Written Blocks": 0, "Workers": []}, {"Node Type": "Hash", "Parent Relationship": "Inner", "Parallel Aware": true, "Startup Cost": 398120.51, "Total Cost": 398120.51, "Plan Rows": 205605, "Plan Width": 16, "Actual Startup Time": 8893.21, "Actual Total Time": 8893.218, "Actual Rows": 2522657, "Actual Loops": 3, "Hash Buckets": 131072, "Original Hash Buckets": 131072, "Hash Batches": 128, "Original Hash Batches": 8, "Peak Memory Usage": 4384, "Shared Hit Blocks": 71459, "Shared Read Blocks": 158921, "Shared Dirtied Blocks": 0, "Shared Written Blocks": 0, "Local Hit Blocks": 0, "Local Read Blocks": 0, "Local Dirtied Blocks": 0, "Local Written Blocks": 0, "Temp Read Blocks": 44135, "Temp Written Blocks": 78080, "Workers": [], "Plans": [{"Node Type": "Hash Join", "Parent Relationship": "Outer", "Parallel Aware": true, "Join Type": "Inner", "Startup Cost": 331601.47, "Total Cost": 398120.51, "Plan Rows": 205605, "Plan Width": 16, "Actual Startup Time": 5902.444, "Actual Total Time": 7383.521, "Actual Rows": 2522657, "Actual Loops": 3, "Inner Unique": false, "Hash Cond": "(mk.movie_id = t.id)", "Shared Hit Blocks": 71459, "Shared Read Blocks": 158921, "Shared Dirtied Blocks": 0, "Shared Written Blocks": 0, "Local Hit Blocks": 0, "Local Read Blocks": 0, "Local Dirtied Blocks": 0, "Local Written Blocks": 0, "Temp Read Blocks": 29662, "Temp Written Blocks": 29844, "Workers": [], "Plans": [{"Node Type": "Seq Scan", "Parent Relationship": "Outer", "Parallel Aware": true, "Relation Name": "movie_keyword", "Alias": "mk", "Startup Cost": 0.0, "Total Cost": 43303.71, "Plan Rows": 1884971, "Plan Width": 4, "Actual Startup Time": 0.02, "Actual Total Time": 440.726, "Actual Rows": 1507977, "Actual Loops": 3, "Shared Hit Blocks": 24454, "Shared Read Blocks": 0, "Shared Dirtied Blocks": 0, "Shared Written Blocks": 0, "Local Hit Blocks": 0, "Local Read Blocks": 0, "Local Dirtied Blocks": 0, "Local Written Blocks": 0, "Temp Read Blocks": 0, "Temp Written Blocks": 0, "Workers": []}, {"Node Type": "Hash", "Parent Relationship": "Inner", "Parallel Aware": true, "Startup Cost": 329603.19, "Total Cost": 329603.19, "Plan Rows": 114902, "Plan Width": 12, "Actual Startup Time": 4925.293, "Actual Total Time": 4925.299, "Actual Rows": 182068, "Actual Loops": 3, "Hash Buckets": 131072, "Original Hash Buckets": 131072, "Hash Batches": 8, "Original Hash Batches": 8, "Peak Memory Usage": 4288, "Shared Hit Blocks": 47005, "Shared Read Blocks": 158921, "Shared Dirtied Blocks": 0, "Shared Written Blocks": 0, "Local Hit Blocks": 0, "Local Read Blocks": 0, "Local Dirtied Blocks": 0, "Local Written Blocks": 0, "Temp Read Blocks": 14507, "Temp Written Blocks": 16524, "Workers": [], "Plans": [{"Node Type": "Hash Join", "Parent Relationship": "Outer", "Parallel Aware": true, "Join Type": "Inner", "Startup Cost": 81688.64, "Total Cost": 329603.19, "Plan Rows": 114902, "Plan Width": 12, "Actual Startup Time": 4624.334, "Actual Total Time": 4836.477, "Actual Rows": 182068, "Actual Loops": 3, "Inner Unique": false, "Hash Cond": "(mi.movie_id = t.id)", "Shared Hit Blocks": 47005, "Shared Read Blocks": 158921, "Shared Dirtied Blocks": 0, "Shared Written Blocks": 0, "Local Hit Blocks": 0, "Local Read Blocks": 0, "Local Dirtied Blocks": 0, "Local Written Blocks": 0, "Temp Read Blocks": 14507, "Temp Written Blocks": 14640, "Workers": [], "Plans": [{"Node Type": "Seq Scan", "Parent Relationship": "Outer", "Parallel Aware": true, "Relation Name": "movie_info", "Alias": "mi", "Startup Cost": 0.0, "Total Cost": 239394.94, "Plan Rows": 630361, "Plan Width": 4, "Actual Startup Time": 3022.525, "Actual Total Time": 3268.508, "Actual Rows": 511303, "Actual Loops": 3, "Filter": "(info_type_id = 3)", "Rows Removed by Filter": 4433937, "Shared Hit Blocks": 3072, "Shared Read Blocks": 158921, "Shared Dirtied Blocks": 0, "Shared Written Blocks": 0, "Local Hit Blocks": 0, "Local Read Blocks": 0, "Local Dirtied Blocks": 0, "Local Written Blocks": 0, "Temp Read Blocks": 0, "Temp Written Blocks": 0, "Workers": []}, {"Node Type": "Hash", "Parent Relationship": "Inner", "Parallel Aware": true, "Startup Cost": 78537.43, "Total Cost": 78537.43, "Plan Rows": 192017, "Plan Width": 8, "Actual Startup Time": 1187.542, "Actual Total Time": 1187.546, "Actual Rows": 153308, "Actual Loops": 3, "Hash Buckets": 131072, "Original Hash Buckets": 131072, "Hash Batches": 8, "Original Hash Batches": 8, "Peak Memory Usage": 3296, "Shared Hit Blocks": 43933, "Shared Read Blocks": 0, "Shared Dirtied Blocks": 0, "Shared Written Blocks": 0, "Local Hit Blocks": 0, "Local Read Blocks": 0, "Local Dirtied Blocks": 0, "Local Written Blocks": 0, "Temp Read Blocks": 8616, "Temp Written Blocks": 10096, "Workers": [], "Plans": [{"Node Type": "Hash Join", "Parent Relationship": "Outer", "Parallel Aware": true, "Join Type": "Inner", "Startup Cost": 18273.89, "Total Cost": 78537.43, "Plan Rows": 192017, "Plan Width": 8, "Actual Startup Time": 781.964, "Actual Total Time": 1108.175, "Actual Rows": 153308, "Actual Loops": 3, "Inner Unique": false, "Hash Cond": "(t.id = mi_idx.movie_id)", "Shared Hit Blocks": 43933, "Shared Read Blocks": 0, "Shared Dirtied Blocks": 0, "Shared Written Blocks": 0, "Local Hit Blocks": 0, "Local Read Blocks": 0, "Local Dirtied Blocks": 0, "Local Written Blocks": 0, "Temp Read Blocks": 8616, "Temp Written Blocks": 8696, "Workers": [], "Plans": [{"Node Type": "Seq Scan", "Parent Relationship": "Outer", "Parallel Aware": true, "Relation Name": "title", "Alias": "t", "Startup Cost": 0.0, "Total Cost": 46532.15, "Plan Rows": 1053415, "Plan Width": 4, "Actual Startup Time": 0.016, "Actual Total Time": 291.018, "Actual Rows": 842771, "Actual Loops": 3, "Shared Hit Blocks": 35998, "Shared Read Blocks": 0, "Shared Dirtied Blocks": 0, "Shared Written Blocks": 0, "Local Hit Blocks": 0, "Local Read Blocks": 0, "Local Dirtied Blocks": 0, "Local Written Blocks": 0, "Temp Read Blocks": 0, "Temp Written Blocks": 0, "Workers": []}, {"Node Type": "Hash", "Parent Relationship": "Inner", "Parallel Aware": true, "Startup Cost": 15122.68, "Total Cost": 15122.68, "Plan Rows": 192017, "Plan Width": 4, "Actual Startup Time": 190.677, "Actual Total Time": 190.678, "Actual Rows": 153308, "Actual Loops": 3, "Hash Buckets": 131072, "Original Hash Buckets": 131072, "Hash Batches": 8, "Original Hash Batches": 8, "Peak Memory Usage": 3328, "Shared Hit Blocks": 7935, "Shared Read Blocks": 0, "Shared Dirtied Blocks": 0, "Shared Written Blocks": 0, "Local Hit Blocks": 0, "Local Read Blocks": 0, "Local Dirtied Blocks": 0, "Local Written Blocks": 0, "Temp Read Blocks": 0, "Temp Written Blocks": 1228, "Workers": [], "Plans": [{"Node Type": "Seq Scan", "Parent Relationship": "Outer", "Parallel Aware": true, "Relation Name": "movie_info_idx", "Alias": "mi_idx", "Startup Cost": 0.0, "Total Cost": 15122.68, "Plan Rows": 192017, "Plan Width": 4, "Actual Startup Time": 0.013, "Actual Total Time": 132.209, "Actual Rows": 153308, "Actual Loops": 3, "Filter": "(info_type_id = 100)", "Rows Removed by Filter": 306703, "Shared Hit Blocks": 7935, "Shared Read Blocks": 0, "Shared Dirtied Blocks": 0, "Shared Written Blocks": 0, "Local Hit Blocks": 0, "Local Read Blocks": 0, "Local Dirtied Blocks": 0, "Local Written Blocks": 0, "Temp Read Blocks": 0, "Temp Written Blocks": 0, "Workers": []}]}]}]}]}]}]}]}]}]}]}]}, "Planning": {"Shared Hit Blocks": 56, "Shared Read Blocks": 0, "Shared Dirtied Blocks": 0, "Shared Written Blocks": 0, "Local Hit Blocks": 0, "Local Read Blocks": 0, "Local Dirtied Blocks": 0, "Local Written Blocks": 0, "Temp Read Blocks": 0, "Temp Written Blocks": 0}, "Planning Time": 3.405, "Triggers": [], "Execution Time": 87627.168}]