[{"Plan": {"Node Type": "Aggregate", "Strategy": "Plain", "Partial Mode": "Finalize", "Parallel Aware": false, "Startup Cost": 827640.07, "Total Cost": 827640.08, "Plan Rows": 1, "Plan Width": 8, "Actual Startup Time": 17195.253, "Actual Total Time": 17376.576, "Actual Rows": 1, "Actual Loops": 1, "Shared Hit Blocks": 74505, "Shared Read Blocks": 408728, "Shared Dirtied Blocks": 0, "Shared Written Blocks": 0, "Local Hit Blocks": 0, "Local Read Blocks": 0, "Local Dirtied Blocks": 0, "Local Written Blocks": 0, "Temp Read Blocks": 212486, "Temp Written Blocks": 212624, "Plans": [{"Node Type": "Gather", "Parent Relationship": "Outer", "Parallel Aware": false, "Startup Cost": 827639.86, "Total Cost": 827640.07, "Plan Rows": 2, "Plan Width": 8, "Actual Startup Time": 17195.217, "Actual Total Time": 17376.568, "Actual Rows": 3, "Actual Loops": 1, "Workers Planned": 2, "Workers Launched": 2, "Single Copy": false, "Shared Hit Blocks": 74505, "Shared Read Blocks": 408728, "Shared Dirtied Blocks": 0, "Shared Written Blocks": 0, "Local Hit Blocks": 0, "Local Read Blocks": 0, "Local Dirtied Blocks": 0, "Local Written Blocks": 0, "Temp Read Blocks": 212486, "Temp Written Blocks": 212624, "Plans": [{"Node Type": "Aggregate", "Strategy": "Plain", "Partial Mode": "Partial", "Parent Relationship": "Outer", "Parallel Aware": false, "Startup Cost": 826639.86, "Total Cost": 826639.87, "Plan Rows": 1, "Plan Width": 8, "Actual Startup Time": 17191.457, "Actual Total Time": 17191.466, "Actual Rows": 1, "Actual Loops": 3, "Shared Hit Blocks": 74505, "Shared Read Blocks": 408728, "Shared Dirtied Blocks": 0, "Shared Written Blocks": 0, "Local Hit Blocks": 0, "Local Read Blocks": 0, "Local Dirtied Blocks": 0, "Local Written Blocks": 0, "Temp Read Blocks": 212486, "Temp Written Blocks": 212624, "Workers": [], "Plans": [{"Node Type": "Hash Join", "Parent Relationship": "Outer", "Parallel Aware": true, "Join Type": "Inner", "Startup Cost": 362955.49, "Total Cost": 825492.95, "Plan Rows": 458765, "Plan Width": 0, "Actual Startup Time": 9635.426, "Actual Total Time": 15697.979, "Actual Rows": 10785194, "Actual Loops": 3, "Inner Unique": false, "Hash Cond": "(ci.movie_id = t.id)", "Shared Hit Blocks": 74505, "Shared Read Blocks": 408728, "Shared Dirtied Blocks": 0, "Shared Written Blocks": 0, "Local Hit Blocks": 0, "Local Read Blocks": 0, "Local Dirtied Blocks": 0, "Local Written Blocks": 0, "Temp Read Blocks": 212486, "Temp Written Blocks": 212624, "Workers": [], "Plans": [{"Node Type": "Seq Scan", "Parent Relationship": "Outer", "Parallel Aware": true, "Relation Name": "cast_info", "Alias": "ci", "Startup Cost": 0.0, "Total Cost": 403915.33, "Plan Rows": 15122833, "Plan Width": 4, "Actual Startup Time": 0.05, "Actual Total Time": 2108.875, "Actual Rows": 12081448, "Actual Loops": 3, "Shared Hit Blocks": 2784, "Shared Read Blocks": 249903, "Shared Dirtied Blocks": 0, "Shared Written Blocks": 0, "Local Hit Blocks": 0, "Local Read Blocks": 0, "Local Dirtied Blocks": 0, "Local Written Blocks": 0, "Temp Read Blocks": 0, "Temp Written Blocks": 0, "Workers": []}, {"Node Type": "Hash", "Parent Relationship": "Inner", "Parallel Aware": true, "Startup Cost": 362556.04, "Total Cost": 362556.04, "Plan Rows": 31956, "Plan Width": 16, "Actual Startup Time": 2766.524, "Actual Total Time": 2766.531, "Actual Rows": 102208, "Actual Loops": 3, "Hash Buckets": 65536, "Original Hash Buckets": 131072, "Hash Batches": 8, "Original Hash Batches": 1, "Peak Memory Usage": 2432, "Shared Hit Blocks": 71555, "Shared Read Blocks": 158825, "Shared Dirtied Blocks": 0, "Shared Written Blocks": 0, "Local Hit Blocks": 0, "Local Read Blocks": 0, "Local Dirtied Blocks": 0, "Local Written Blocks": 0, "Temp Read Blocks": 2372, "Temp Written Blocks": 3676, "Workers": [], "Plans": [{"Node Type": "Hash Join", "Parent Relationship": "Outer", "Parallel Aware": true, "Join Type": "Inner", "Startup Cost": 312050.54, "Total Cost": 362556.04, "Plan Rows": 31956, "Plan Width": 16, "Actual Startup Time": 1980.751, "Actual Total Time": 2698.909, "Actual Rows": 102208, "Actual Loops": 3, "Inner Unique": false, "Hash Cond": "(mk.movie_id = t.id)", "Shared Hit Blocks": 71555, "Shared Read Blocks": 158825, "Shared Dirtied Blocks": 0, "Shared Written Blocks": 0, "Local Hit Blocks": 0, "Local Read Blocks": 0, "Local Dirtied Blocks": 0, "Local Written Blocks": 0, "Temp Read Blocks": 2372, "Temp Written Blocks": 2452, "Workers": [], "Plans": [{"Node Type": "Seq Scan", "Parent Relationship": "Outer", "Parallel Aware": true, "Relation Name": "movie_keyword", "Alias": "mk", "Startup Cost": 0.0, "Total Cost": 43303.71, "Plan Rows": 1884971, "Plan Width": 4, "Actual Startup Time": 0.014, "Actual Total Time": 229.36, "Actual Rows": 1507977, "Actual Loops": 3, "Shared Hit Blocks": 24454, "Shared Read Blocks": 0, "Shared Dirtied Blocks": 0, "Shared Written Blocks": 0, "Local Hit Blocks": 0, "Local Read Blocks": 0, "Local Dirtied Blocks": 0, "Local Written Blocks": 0, "Temp Read Blocks": 0, "Temp Written Blocks": 0, "Workers": []}, {"Node Type": "Hash", "Parent Relationship": "Inner", "Parallel Aware": true, "Startup Cost": 311827.3, "Total Cost": 311827.3, "Plan Rows": 17859, "Plan Width": 12, "Actual Startup Time": 1980.264, "Actual Total Time": 1980.27, "Actual Rows": 15551, "Actual Loops": 3, "Hash Buckets": 65536, "Original Hash Buckets": 65536, "Hash Batches": 1, "Original Hash Batches": 1, "Peak Memory Usage": 2752, "Shared Hit Blocks": 47101, "Shared Read Blocks": 158825, "Shared Dirtied Blocks": 0, "Shared Written Blocks": 0, "Local Hit Blocks": 0, "Local Read Blocks": 0, "Local Dirtied Blocks": 0, "Local Written Blocks": 0, "Temp Read Blocks": 2372, "Temp Written Blocks": 2452, "Workers": [], "Plans": [{"Node Type": "Hash Join", "Parent Relationship": "Outer", "Parallel Aware": true, "Join Type": "Inner", "Startup Cost": 69994.09, "Total Cost": 311827.3, "Plan Rows": 17859, "Plan Width": 12, "Actual Startup Time": 1669.267, "Actual Total Time": 1971.13, "Actual Rows": 15551, "Actual Loops": 3, "Inner Unique": false, "Hash Cond": "(mi.movie_id = t.id)", "Shared Hit Blocks": 47101, "Shared Read Blocks": 158825, "Shared Dirtied Blocks": 0, "Shared Written Blocks": 0, "Local Hit Blocks": 0, "Local Read Blocks": 0, "Local Dirtied Blocks": 0, "Local Written Blocks": 0, "Temp Read Blocks": 2372, "Temp Written Blocks": 2452, "Workers": [], "Plans": [{"Node Type": "Seq Scan", "Parent Relationship": "Outer", "Parallel Aware": true, "Relation Name": "movie_info", "Alias": "mi", "Startup Cost": 0.0, "Total Cost": 239394.94, "Plan Rows": 630361, "Plan Width": 4, "Actual Startup Time": 1081.841, "Actual Total Time": 1244.473, "Actual Rows": 511303, "Actual Loops": 3, "Filter": "(info_type_id = 3)", "Rows Removed by Filter": 4433937, "Shared Hit Blocks": 3168, "Shared Read Blocks": 158825, "Shared Dirtied Blocks": 0, "Shared Written Blocks": 0, "Local Hit Blocks": 0, "Local Read Blocks": 0, "Local Dirtied Blocks": 0, "Local Written Blocks": 0, "Temp Read Blocks": 0, "Temp Written Blocks": 0, "Workers": []}, {"Node Type": "Hash", "Parent Relationship": "Inner", "Parallel Aware": true, "Startup Cost": 69621.03, "Total Cost": 69621.03, "Plan Rows": 29845, "Plan Width": 8, "Actual Startup Time": 586.849, "Actual Total Time": 586.853, "Actual Rows": 14613, "Actual Loops": 3, "Hash Buckets": 131072, "Original Hash Buckets": 131072, "Hash Batches": 1, "Original Hash Batches": 1, "Peak Memory Usage": 2816, "Shared Hit Blocks": 43933, "Shared Read Blocks": 0, "Shared Dirtied Blocks": 0, "Shared Written Blocks": 0, "Local Hit Blocks": 0, "Local Read Blocks": 0, "Local Dirtied Blocks": 0, "Local Written Blocks": 0, "Temp Read Blocks": 2372, "Temp Written Blocks": 2452, "Workers": [], "Plans": [{"Node Type": "Hash Join", "Parent Relationship": "Outer", "Parallel Aware": true, "Join Type": "Inner", "Startup Cost": 51852.31, "Total Cost": 69621.03, "Plan Rows": 29845, "Plan Width": 8, "Actual Startup Time": 513.913, "Actual Total Time": 577.879, "Actual Rows": 14613, "Actual Loops": 3, "Inner Unique": true, "Hash Cond": "(mi_idx.movie_id = t.id)", "Shared Hit Blocks": 43933, "Shared Read Blocks": 0, "Shared Dirtied Blocks": 0, "Shared Written Blocks": 0, "Local Hit Blocks": 0, "Local Read Blocks": 0, "Local Dirtied Blocks": 0, "Local Written Blocks": 0, "Temp Read Blocks": 2372, "Temp Written Blocks": 2452, "Workers": [], "Plans": [{"Node Type": "Seq Scan", "Parent Relationship": "Outer", "Parallel Aware": true, "Relation Name": "movie_info_idx", "Alias": "mi_idx", "Startup Cost": 0.0, "Total Cost": 15122.68, "Plan Rows": 192017, "Plan Width": 4, "Actual Startup Time": 0.019, "Actual Total Time": 132.83, "Actual Rows": 153308, "Actual Loops": 3, "Filter": "(info_type_id = 100)", "Rows Removed by Filter": 306703, "Shared Hit Blocks": 7935, "Shared Read Blocks": 0, "Shared Dirtied Blocks": 0, "Shared Written Blocks": 0, "Local Hit Blocks": 0, "Local Read Blocks": 0, "Local Dirtied Blocks": 0, "Local Written Blocks": 0, "Temp Read Blocks": 0, "Temp Written Blocks": 0, "Workers": []}, {"Node Type": "Hash", "Parent Relationship": "Inner", "Parallel Aware": true, "Startup Cost": 49165.69, "Total Cost": 49165.69, "Plan Rows": 163729, "Plan Width": 4, "Actual Startup Time": 312.464, "Actual Total Time": 312.465, "Actual Rows": 130555, "Actual Loops": 3, "Hash Buckets": 131072, "Original Hash Buckets": 131072, "Hash Batches": 8, "Original Hash Batches": 8, "Peak Memory Usage": 3008, "Shared Hit Blocks": 35998, "Shared Read Blocks": 0, "Shared Dirtied Blocks": 0, "Shared Written Blocks": 0, "Local Hit Blocks": 0, "Local Read Blocks": 0, "Local Dirtied Blocks": 0, "Local Written Blocks": 0, "Temp Read Blocks": 0, "Temp Written Blocks": 1060, "Workers": [], "Plans": [{"Node Type": "Seq Scan", "Parent Relationship": "Outer", "Parallel Aware": true, "Relation Name": "title", "Alias": "t", "Startup Cost": 0.0, "Total Cost": 49165.69, "Plan Rows": 163729, "Plan Width": 4, "Actual Startup Time": 0.018, "Actual Total Time": 251.977, "Actual Rows": 130555, "Actual Loops": 3, "Filter": "(production_year > 2010)", "Rows Removed by Filter": 712215, "Shared Hit Blocks": 35998, "Shared Read Blocks": 0, "Shared Dirtied Blocks": 0, "Shared Written Blocks": 0, "Local Hit Blocks": 0, "Local Read Blocks": 0, "Local Dirtied Blocks": 0, "Local Written Blocks": 0, "Temp Read Blocks": 0, "Temp Written Blocks": 0, "Workers": []}]}]}]}]}]}]}]}]}]}]}]}, "Planning": {"Shared Hit Blocks": 56, "Shared Read Blocks": 0, "Shared Dirtied Blocks": 0, "Shared Written Blocks": 0, "Local Hit Blocks": 0, "Local Read Blocks": 0, "Local Dirtied Blocks": 0, "Local Written Blocks": 0, "Temp Read Blocks": 0, "Temp Written Blocks": 0}, "Planning Time": 1.902, "Triggers": [], "Execution Time": 17376.676}]