[{"Plan": {"Node Type": "Aggregate", "Strategy": "Plain", "Partial Mode": "Finalize", "Parallel Aware": false, "Startup Cost": 402878.13, "Total Cost": 402878.14, "Plan Rows": 1, "Plan Width": 8, "Actual Startup Time": 6008.095, "Actual Total Time": 6045.89, "Actual Rows": 1, "Actual Loops": 1, "Shared Hit Blocks": 90799, "Shared Read Blocks": 158537, "Shared Dirtied Blocks": 0, "Shared Written Blocks": 0, "Local Hit Blocks": 0, "Local Read Blocks": 0, "Local Dirtied Blocks": 0, "Local Written Blocks": 0, "Temp Read Blocks": 23844, "Temp Written Blocks": 23980, "Plans": [{"Node Type": "Gather", "Parent Relationship": "Outer", "Parallel Aware": false, "Startup Cost": 402877.92, "Total Cost": 402878.13, "Plan Rows": 2, "Plan Width": 8, "Actual Startup Time": 6003.668, "Actual Total Time": 6045.878, "Actual Rows": 3, "Actual Loops": 1, "Workers Planned": 2, "Workers Launched": 2, "Single Copy": false, "Shared Hit Blocks": 90799, "Shared Read Blocks": 158537, "Shared Dirtied Blocks": 0, "Shared Written Blocks": 0, "Local Hit Blocks": 0, "Local Read Blocks": 0, "Local Dirtied Blocks": 0, "Local Written Blocks": 0, "Temp Read Blocks": 23844, "Temp Written Blocks": 23980, "Plans": [{"Node Type": "Aggregate", "Strategy": "Plain", "Partial Mode": "Partial", "Parent Relationship": "Outer", "Parallel Aware": false, "Startup Cost": 401877.92, "Total Cost": 401877.93, "Plan Rows": 1, "Plan Width": 8, "Actual Startup Time": 5999.872, "Actual Total Time": 6000.288, "Actual Rows": 1, "Actual Loops": 3, "Shared Hit Blocks": 90799, "Shared Read Blocks": 158537, "Shared Dirtied Blocks": 0, "Shared Written Blocks": 0, "Local Hit Blocks": 0, "Local Read Blocks": 0, "Local Dirtied Blocks": 0, "Local Written Blocks": 0, "Temp Read Blocks": 23844, "Temp Written Blocks": 23980, "Workers": [], "Plans": [{"Node Type": "Hash Join", "Parent Relationship": "Outer", "Parallel Aware": true, "Join Type": "Inner", "Startup Cost": 350994.81, "Total Cost": 401686.38, "Plan Rows": 76614, "Plan Width": 0, "Actual Startup Time": 3653.165, "Actual Total Time": 5314.702, "Actual Rows": 5271203, "Actual Loops": 3, "Inner Unique": false, "Hash Cond": "(mk.movie_id = t.id)", "Shared Hit Blocks": 90799, "Shared Read Blocks": 158537, "Shared Dirtied Blocks": 0, "Shared Written Blocks": 0, "Local Hit Blocks": 0, "Local Read Blocks": 0, "Local Dirtied Blocks": 0, "Local Written Blocks": 0, "Temp Read Blocks": 23844, "Temp Written Blocks": 23980, "Workers": [], "Plans": [{"Node Type": "Seq Scan", "Parent Relationship": "Outer", "Parallel Aware": true, "Relation Name": "movie_keyword", "Alias": "mk", "Startup Cost": 0.0, "Total Cost": 43303.71, "Plan Rows": 1884971, "Plan Width": 4, "Actual Startup Time": 0.012, "Actual Total Time": 229.241, "Actual Rows": 1507977, "Actual Loops": 3, "Shared Hit Blocks": 24454, "Shared Read Blocks": 0, "Shared Dirtied Blocks": 0, "Shared Written Blocks": 0, "Local Hit Blocks": 0, "Local Read Blocks": 0, "Local Dirtied Blocks": 0, "Local Written Blocks": 0, "Temp Read Blocks": 0, "Temp Written Blocks": 0, "Workers": []}, {"Node Type": "Hash", "Parent Relationship": "Inner", "Parallel Aware": true, "Startup Cost": 350459.62, "Total Cost": 350459.62, "Plan Rows": 42815, "Plan Width": 16, "Actual Startup Time": 2856.441, "Actual Total Time": 2856.854, "Actual Rows": 169463, "Actual Loops": 3, "Hash Buckets": 65536, "Original Hash Buckets": 131072, "Hash Batches": 8, "Original Hash Batches": 1, "Peak Memory Usage": 3552, "Shared Hit Blocks": 66179, "Shared Read Blocks": 158537, "Shared Dirtied Blocks": 0, "Shared Written Blocks": 0, "Local Hit Blocks": 0, "Local Read Blocks": 0, "Local Dirtied Blocks": 0, "Local Written Blocks": 0, "Temp Read Blocks": 4172, "Temp Written Blocks": 6236, "Workers": [], "Plans": [{"Node Type": "Hash Join", "Parent Relationship": "Outer", "Parallel Aware": true, "Join Type": "Inner", "Startup Cost": 316543.09, "Total Cost": 350459.62, "Plan Rows": 42815, "Plan Width": 16, "Actual Startup Time": 2246.417, "Actual Total Time": 2756.106, "Actual Rows": 169463, "Actual Loops": 3, "Inner Unique": false, "Hash Cond": "(mc.movie_id = t.id)", "Shared Hit Blocks": 66179, "Shared Read Blocks": 158537, "Shared Dirtied Blocks": 0, "Shared Written Blocks": 0, "Local Hit Blocks": 0, "Local Read Blocks": 0, "Local Dirtied Blocks": 0, "Local Written Blocks": 0, "Temp Read Blocks": 4172, "Temp Written Blocks": 4240, "Workers": [], "Plans": [{"Node Type": "Seq Scan", "Parent Relationship": "Outer", "Parallel Aware": true, "Relation Name": "movie_companies", "Alias": "mc", "Startup Cost": 0.0, "Total Cost": 29661.37, "Plan Rows": 1087137, "Plan Width": 4, "Actual Startup Time": 0.012, "Actual Total Time": 129.718, "Actual Rows": 869710, "Actual Loops": 3, "Shared Hit Blocks": 18790, "Shared Read Blocks": 0, "Shared Dirtied Blocks": 0, "Shared Written Blocks": 0, "Local Hit Blocks": 0, "Local Read Blocks": 0, "Local Dirtied Blocks": 0, "Local Written Blocks": 0, "Temp Read Blocks": 0, "Temp Written Blocks": 0, "Workers": []}, {"Node Type": "Hash", "Parent Relationship": "Inner", "Parallel Aware": true, "Startup Cost": 316024.49, "Total Cost": 316024.49, "Plan Rows": 41488, "Plan Width": 12, "Actual Startup Time": 2245.815, "Actual Total Time": 2246.227, "Actual Rows": 41843, "Actual Loops": 3, "Hash Buckets": 131072, "Original Hash Buckets": 131072, "Hash Batches": 1, "Original Hash Batches": 1, "Peak Memory Usage": 6944, "Shared Hit Blocks": 47389, "Shared Read Blocks": 158537, "Shared Dirtied Blocks": 0, "Shared Written Blocks": 0, "Local Hit Blocks": 0, "Local Read Blocks": 0, "Local Dirtied Blocks": 0, "Local Written Blocks": 0, "Temp Read Blocks": 4172, "Temp Written Blocks": 4240, "Workers": [], "Plans": [{"Node Type": "Hash Join", "Parent Relationship": "Outer", "Parallel Aware": true, "Join Type": "Inner", "Startup Cost": 74311.11, "Total Cost": 316024.49, "Plan Rows": 41488, "Plan Width": 12, "Actual Startup Time": 1802.642, "Actual Total Time": 2221.389, "Actual Rows": 41843, "Actual Loops": 3, "Inner Unique": false, "Hash Cond": "(mi.movie_id = t.id)", "Shared Hit Blocks": 47389, "Shared Read Blocks": 158537, "Shared Dirtied Blocks": 0, "Shared Written Blocks": 0, "Local Hit Blocks": 0, "Local Read Blocks": 0, "Local Dirtied Blocks": 0, "Local Written Blocks": 0, "Temp Read Blocks": 4172, "Temp Written Blocks": 4240, "Workers": [], "Plans": [{"Node Type": "Seq Scan", "Parent Relationship": "Outer", "Parallel Aware": true, "Relation Name": "movie_info", "Alias": "mi", "Startup Cost": 0.0, "Total Cost": 239394.94, "Plan Rows": 572155, "Plan Width": 4, "Actual Startup Time": 1010.719, "Actual Total Time": 1262.886, "Actual Rows": 441787, "Actual Loops": 3, "Filter": "(info_type_id = 8)", "Rows Removed by Filter": 4503453, "Shared Hit Blocks": 3456, "Shared Read Blocks": 158537, "Shared Dirtied Blocks": 0, "Shared Written Blocks": 0, "Local Hit Blocks": 0, "Local Read Blocks": 0, "Local Dirtied Blocks": 0, "Local Written Blocks": 0, "Temp Read Blocks": 0, "Temp Written Blocks": 0, "Workers": []}, {"Node Type": "Hash", "Parent Relationship": "Inner", "Parallel Aware": true, "Startup Cost": 73356.31, "Total Cost": 73356.31, "Plan Rows": 76384, "Plan Width": 8, "Actual Startup Time": 790.633, "Actual Total Time": 791.042, "Actual Rows": 47856, "Actual Loops": 3, "Hash Buckets": 262144, "Original Hash Buckets": 262144, "Hash Batches": 1, "Original Hash Batches": 1, "Peak Memory Usage": 7712, "Shared Hit Blocks": 43933, "Shared Read Blocks": 0, "Shared Dirtied Blocks": 0, "Shared Written Blocks": 0, "Local Hit Blocks": 0, "Local Read Blocks": 0, "Local Dirtied Blocks": 0, "Local Written Blocks": 0, "Temp Read Blocks": 4172, "Temp Written Blocks": 4240, "Workers": [], "Plans": [{"Node Type": "Hash Join", "Parent Relationship": "Outer", "Parallel Aware": true, "Join Type": "Inner", "Startup Cost": 18266.14, "Total Cost": 73356.31, "Plan Rows": 76384, "Plan Width": 8, "Actual Startup Time": 617.501, "Actual Total Time": 760.682, "Actual Rows": 47856, "Actual Loops": 3, "Inner Unique": false, "Hash Cond": "(t.id = mi_idx.movie_id)", "Shared Hit Blocks": 43933, "Shared Read Blocks": 0, "Shared Dirtied Blocks": 0, "Shared Written Blocks": 0, "Local Hit Blocks": 0, "Local Read Blocks": 0, "Local Dirtied Blocks": 0, "Local Written Blocks": 0, "Temp Read Blocks": 4172, "Temp Written Blocks": 4240, "Workers": [], "Plans": [{"Node Type": "Seq Scan", "Parent Relationship": "Outer", "Parallel Aware": true, "Relation Name": "title", "Alias": "t", "Startup Cost": 0.0, "Total Cost": 49165.69, "Plan Rows": 420053, "Plan Width": 4, "Actual Startup Time": 0.019, "Actual Total Time": 289.663, "Actual Rows": 337640, "Actual Loops": 3, "Filter": "(production_year > 2005)", "Rows Removed by Filter": 505131, "Shared Hit Blocks": 35998, "Shared Read Blocks": 0, "Shared Dirtied Blocks": 0, "Shared Written Blocks": 0, "Local Hit Blocks": 0, "Local Read Blocks": 0, "Local Dirtied Blocks": 0, "Local Written Blocks": 0, "Temp Read Blocks": 0, "Temp Written Blocks": 0, "Workers": []}, {"Node Type": "Hash", "Parent Relationship": "Inner", "Parallel Aware": true, "Startup Cost": 15122.68, "Total Cost": 15122.68, "Plan Rows": 191557, "Plan Width": 4, "Actual Startup Time": 187.375, "Actual Total Time": 187.377, "Actual Rows": 153308, "Actual Loops": 3, "Hash Buckets": 131072, "Original Hash Buckets": 131072, "Hash Batches": 8, "Original Hash Batches": 8, "Peak Memory Usage": 3328, "Shared Hit Blocks": 7935, "Shared Read Blocks": 0, "Shared Dirtied Blocks": 0, "Shared Written Blocks": 0, "Local Hit Blocks": 0, "Local Read Blocks": 0, "Local Dirtied Blocks": 0, "Local Written Blocks": 0, "Temp Read Blocks": 0, "Temp Written Blocks": 1232, "Workers": [], "Plans": [{"Node Type": "Seq Scan", "Parent Relationship": "Outer", "Parallel Aware": true, "Relation Name": "movie_info_idx", "Alias": "mi_idx", "Startup Cost": 0.0, "Total Cost": 15122.68, "Plan Rows": 191557, "Plan Width": 4, "Actual Startup Time": 0.02, "Actual Total Time": 124.575, "Actual Rows": 153308, "Actual Loops": 3, "Filter": "(info_type_id = 101)", "Rows Removed by Filter": 306703, "Shared Hit Blocks": 7935, "Shared Read Blocks": 0, "Shared Dirtied Blocks": 0, "Shared Written Blocks": 0, "Local Hit Blocks": 0, "Local Read Blocks": 0, "Local Dirtied Blocks": 0, "Local Written Blocks": 0, "Temp Read Blocks": 0, "Temp Written Blocks": 0, "Workers": []}]}]}]}]}]}]}]}]}]}]}]}, "Planning": {"Shared Hit Blocks": 56, "Shared Read Blocks": 0, "Shared Dirtied Blocks": 0, "Shared Written Blocks": 0, "Local Hit Blocks": 0, "Local Read Blocks": 0, "Local Dirtied Blocks": 0, "Local Written Blocks": 0, "Temp Read Blocks": 0, "Temp Written Blocks": 0}, "Planning Time": 1.816, "Triggers": [], "Execution Time": 6045.992}]