[{"Plan": {"Node Type": "Aggregate", "Strategy": "Plain", "Partial Mode": "Finalize", "Parallel Aware": false, "Startup Cost": 121715.72, "Total Cost": 121715.73, "Plan Rows": 1, "Plan Width": 8, "Actual Startup Time": 1290.449, "Actual Total Time": 1300.266, "Actual Rows": 1, "Actual Loops": 1, "Shared Hit Blocks": 68553, "Shared Read Blocks": 0, "Shared Dirtied Blocks": 0, "Shared Written Blocks": 0, "Local Hit Blocks": 0, "Local Read Blocks": 0, "Local Dirtied Blocks": 0, "Local Written Blocks": 0, "Temp Read Blocks": 2375, "Temp Written Blocks": 2472, "Plans": [{"Node Type": "Gather", "Parent Relationship": "Outer", "Parallel Aware": false, "Startup Cost": 121715.5, "Total Cost": 121715.71, "Plan Rows": 2, "Plan Width": 8, "Actual Startup Time": 1289.104, "Actual Total Time": 1300.247, "Actual Rows": 3, "Actual Loops": 1, "Workers Planned": 2, "Workers Launched": 2, "Single Copy": false, "Shared Hit Blocks": 68553, "Shared Read Blocks": 0, "Shared Dirtied Blocks": 0, "Shared Written Blocks": 0, "Local Hit Blocks": 0, "Local Read Blocks": 0, "Local Dirtied Blocks": 0, "Local Written Blocks": 0, "Temp Read Blocks": 2375, "Temp Written Blocks": 2472, "Plans": [{"Node Type": "Aggregate", "Strategy": "Plain", "Partial Mode": "Partial", "Parent Relationship": "Outer", "Parallel Aware": false, "Startup Cost": 120715.5, "Total Cost": 120715.51, "Plan Rows": 1, "Plan Width": 8, "Actual Startup Time": 1287.22, "Actual Total Time": 1287.226, "Actual Rows": 1, "Actual Loops": 3, "Shared Hit Blocks": 68553, "Shared Read Blocks": 0, "Shared Dirtied Blocks": 0, "Shared Written Blocks": 0, "Local Hit Blocks": 0, "Local Read Blocks": 0, "Local Dirtied Blocks": 0, "Local Written Blocks": 0, "Temp Read Blocks": 2375, "Temp Written Blocks": 2472, "Workers": [], "Plans": [{"Node Type": "Hash Join", "Parent Relationship": "Outer", "Parallel Aware": true, "Join Type": "Inner", "Startup Cost": 69987.99, "Total Cost": 120582.32, "Plan Rows": 53275, "Plan Width": 0, "Actual Startup Time": 601.572, "Actual Total Time": 1277.928, "Actual Rows": 59872, "Actual Loops": 3, "Inner Unique": false, "Hash Cond": "(mk.movie_id = t.id)", "Shared Hit Blocks": 68553, "Shared Read Blocks": 0, "Shared Dirtied Blocks": 0, "Shared Written Blocks": 0, "Local Hit Blocks": 0, "Local Read Blocks": 0, "Local Dirtied Blocks": 0, "Local Written Blocks": 0, "Temp Read Blocks": 2375, "Temp Written Blocks": 2472, "Workers": [], "Plans": [{"Node Type": "Seq Scan", "Parent Relationship": "Outer", "Parallel Aware": true, "Relation Name": "movie_keyword", "Alias": "mk", "Startup Cost": 0.0, "Total Cost": 43303.71, "Plan Rows": 1884971, "Plan Width": 4, "Actual Startup Time": 0.02, "Actual Total Time": 227.763, "Actual Rows": 1507977, "Actual Loops": 3, "Shared Hit Blocks": 24454, "Shared Read Blocks": 0, "Shared Dirtied Blocks": 0, "Shared Written Blocks": 0, "Local Hit Blocks": 0, "Local Read Blocks": 0, "Local Dirtied Blocks": 0, "Local Written Blocks": 0, "Temp Read Blocks": 0, "Temp Written Blocks": 0, "Workers": []}, {"Node Type": "Hash", "Parent Relationship": "Inner", "Parallel Aware": true, "Startup Cost": 69615.82, "Total Cost": 69615.82, "Plan Rows": 29773, "Plan Width": 8, "Actual Startup Time": 600.495, "Actual Total Time": 600.499, "Actual Rows": 14613, "Actual Loops": 3, "Hash Buckets": 131072, "Original Hash Buckets": 131072, "Hash Batches": 1, "Original Hash Batches": 1, "Peak Memory Usage": 2784, "Shared Hit Blocks": 43933, "Shared Read Blocks": 0, "Shared Dirtied Blocks": 0, "Shared Written Blocks": 0, "Local Hit Blocks": 0, "Local Read Blocks": 0, "Local Dirtied Blocks": 0, "Local Written Blocks": 0, "Temp Read Blocks": 2375, "Temp Written Blocks": 2472, "Workers": [], "Plans": [{"Node Type": "Hash Join", "Parent Relationship": "Outer", "Parallel Aware": true, "Join Type": "Inner", "Startup Cost": 51852.31, "Total Cost": 69615.82, "Plan Rows": 29773, "Plan Width": 8, "Actual Startup Time": 516.957, "Actual Total Time": 590.086, "Actual Rows": 14613, "Actual Loops": 3, "Inner Unique": true, "Hash Cond": "(mi_idx.movie_id = t.id)", "Shared Hit Blocks": 43933, "Shared Read Blocks": 0, "Shared Dirtied Blocks": 0, "Shared Written Blocks": 0, "Local Hit Blocks": 0, "Local Read Blocks": 0, "Local Dirtied Blocks": 0, "Local Written Blocks": 0, "Temp Read Blocks": 2375, "Temp Written Blocks": 2472, "Workers": [], "Plans": [{"Node Type": "Seq Scan", "Parent Relationship": "Outer", "Parallel Aware": true, "Relation Name": "movie_info_idx", "Alias": "mi_idx", "Startup Cost": 0.0, "Total Cost": 15122.68, "Plan Rows": 191557, "Plan Width": 4, "Actual Startup Time": 0.014, "Actual Total Time": 132.734, "Actual Rows": 153308, "Actual Loops": 3, "Filter": "(info_type_id = 101)", "Rows Removed by Filter": 306703, "Shared Hit Blocks": 7935, "Shared Read Blocks": 0, "Shared Dirtied Blocks": 0, "Shared Written Blocks": 0, "Local Hit Blocks": 0, "Local Read Blocks": 0, "Local Dirtied Blocks": 0, "Local Written Blocks": 0, "Temp Read Blocks": 0, "Temp Written Blocks": 0, "Workers": []}, {"Node Type": "Hash", "Parent Relationship": "Inner", "Parallel Aware": true, "Startup Cost": 49165.69, "Total Cost": 49165.69, "Plan Rows": 163729, "Plan Width": 4, "Actual Startup Time": 313.182, "Actual Total Time": 313.183, "Actual Rows": 130555, "Actual Loops": 3, "Hash Buckets": 131072, "Original Hash Buckets": 131072, "Hash Batches": 8, "Original Hash Batches": 8, "Peak Memory Usage": 2976, "Shared Hit Blocks": 35998, "Shared Read Blocks": 0, "Shared Dirtied Blocks": 0, "Shared Written Blocks": 0, "Local Hit Blocks": 0, "Local Read Blocks": 0, "Local Dirtied Blocks": 0, "Local Written Blocks": 0, "Temp Read Blocks": 0, "Temp Written Blocks": 1064, "Workers": [], "Plans": [{"Node Type": "Seq Scan", "Parent Relationship": "Outer", "Parallel Aware": true, "Relation Name": "title", "Alias": "t", "Startup Cost": 0.0, "Total Cost": 49165.69, "Plan Rows": 163729, "Plan Width": 4, "Actual Startup Time": 0.014, "Actual Total Time": 253.618, "Actual Rows": 130555, "Actual Loops": 3, "Filter": "(production_year > 2010)", "Rows Removed by Filter": 712215, "Shared Hit Blocks": 35998, "Shared Read Blocks": 0, "Shared Dirtied Blocks": 0, "Shared Written Blocks": 0, "Local Hit Blocks": 0, "Local Read Blocks": 0, "Local Dirtied Blocks": 0, "Local Written Blocks": 0, "Temp Read Blocks": 0, "Temp Written Blocks": 0, "Workers": []}]}]}]}]}]}]}]}, "Planning": {"Shared Hit Blocks": 24, "Shared Read Blocks": 0, "Shared Dirtied Blocks": 0, "Shared Written Blocks": 0, "Local Hit Blocks": 0, "Local Read Blocks": 0, "Local Dirtied Blocks": 0, "Local Written Blocks": 0, "Temp Read Blocks": 0, "Temp Written Blocks": 0}, "Planning Time": 0.441, "Triggers": [], "Execution Time": 1300.337}]